2018-08-16 09:34:37.896  INFO 6080 --- [main] c.s.m.s.impl.MerchantsServiceImplTest    : Starting MerchantsServiceImplTest on sundadeMBP.local with PID 6080 (started by sunda in /Users/sunda/IdeaProjects/cardBag/merchants)
2018-08-16 09:34:37.898  INFO 6080 --- [main] c.s.m.s.impl.MerchantsServiceImplTest    : No active profile set, falling back to default profiles: default
2018-08-16 09:34:37.937  INFO 6080 --- [main] o.s.w.c.s.GenericWebApplicationContext   : Refreshing org.springframework.web.context.support.GenericWebApplicationContext@3646a422: startup date [Thu Aug 16 09:34:37 CST 2018]; root of context hierarchy
2018-08-16 09:34:39.736  INFO 6080 --- [main] trationDelegate$BeanPostProcessorChecker : Bean 'org.springframework.kafka.annotation.KafkaBootstrapConfiguration' of type [org.springframework.kafka.annotation.KafkaBootstrapConfiguration$$EnhancerBySpringCGLIB$$4d9022a] is not eligible for getting processed by all BeanPostProcessors (for example: not eligible for auto-proxying)
2018-08-16 09:34:40.855  INFO 6080 --- [main] j.LocalContainerEntityManagerFactoryBean : Building JPA container EntityManagerFactory for persistence unit 'default'
2018-08-16 09:34:40.879  INFO 6080 --- [main] o.hibernate.jpa.internal.util.LogHelper  : HHH000204: Processing PersistenceUnitInfo [
	name: default
	...]
2018-08-16 09:34:41.084  INFO 6080 --- [main] org.hibernate.Version                    : HHH000412: Hibernate Core {5.0.12.Final}
2018-08-16 09:34:41.088  INFO 6080 --- [main] org.hibernate.cfg.Environment            : HHH000206: hibernate.properties not found
2018-08-16 09:34:41.092  INFO 6080 --- [main] org.hibernate.cfg.Environment            : HHH000021: Bytecode provider name : javassist
2018-08-16 09:34:41.163  INFO 6080 --- [main] o.hibernate.annotations.common.Version   : HCANN000001: Hibernate Commons Annotations {5.0.1.Final}
2018-08-16 09:34:41.389  INFO 6080 --- [main] org.hibernate.dialect.Dialect            : HHH000400: Using dialect: org.hibernate.dialect.MySQL5Dialect
2018-08-16 09:34:42.390  INFO 6080 --- [main] j.LocalContainerEntityManagerFactoryBean : Initialized JPA EntityManagerFactory for persistence unit 'default'
2018-08-16 09:34:44.005  INFO 6080 --- [main] s.w.s.m.m.a.RequestMappingHandlerAdapter : Looking for @ControllerAdvice: org.springframework.web.context.support.GenericWebApplicationContext@3646a422: startup date [Thu Aug 16 09:34:37 CST 2018]; root of context hierarchy
2018-08-16 09:34:44.220  INFO 6080 --- [main] s.w.s.m.m.a.RequestMappingHandlerMapping : Mapped "{[/error]}" onto public org.springframework.http.ResponseEntity<java.util.Map<java.lang.String, java.lang.Object>> org.springframework.boot.autoconfigure.web.BasicErrorController.error(javax.servlet.http.HttpServletRequest)
2018-08-16 09:34:44.222  INFO 6080 --- [main] s.w.s.m.m.a.RequestMappingHandlerMapping : Mapped "{[/error],produces=[text/html]}" onto public org.springframework.web.servlet.ModelAndView org.springframework.boot.autoconfigure.web.BasicErrorController.errorHtml(javax.servlet.http.HttpServletRequest,javax.servlet.http.HttpServletResponse)
2018-08-16 09:34:44.285  INFO 6080 --- [main] o.s.w.s.handler.SimpleUrlHandlerMapping  : Mapped URL path [/webjars/**] onto handler of type [class org.springframework.web.servlet.resource.ResourceHttpRequestHandler]
2018-08-16 09:34:44.285  INFO 6080 --- [main] o.s.w.s.handler.SimpleUrlHandlerMapping  : Mapped URL path [/**] onto handler of type [class org.springframework.web.servlet.resource.ResourceHttpRequestHandler]
2018-08-16 09:34:44.379  INFO 6080 --- [main] o.s.w.s.handler.SimpleUrlHandlerMapping  : Mapped URL path [/**/favicon.ico] onto handler of type [class org.springframework.web.servlet.resource.ResourceHttpRequestHandler]
2018-08-16 09:34:44.908  INFO 6080 --- [main] o.s.c.support.DefaultLifecycleProcessor  : Starting beans in phase 2147483647
2018-08-16 09:34:44.925  INFO 6080 --- [main] c.s.m.s.impl.MerchantsServiceImplTest    : Started MerchantsServiceImplTest in 18.182 seconds (JVM running for 20.905)
2018-08-16 09:34:45.043  INFO 6080 --- [main] o.h.h.i.QueryTranslatorFactoryInitiator  : HHH000397: Using ASTQueryTranslatorFactory
2018-08-16 09:34:45.700  INFO 6080 --- [Thread-3] o.s.w.c.s.GenericWebApplicationContext   : Closing org.springframework.web.context.support.GenericWebApplicationContext@3646a422: startup date [Thu Aug 16 09:34:37 CST 2018]; root of context hierarchy
2018-08-16 09:34:45.702  INFO 6080 --- [Thread-3] o.s.c.support.DefaultLifecycleProcessor  : Stopping beans in phase 2147483647
2018-08-16 09:34:45.703  INFO 6080 --- [Thread-3] o.s.c.support.DefaultLifecycleProcessor  : Stopping beans in phase 0
2018-08-16 09:34:45.705  INFO 6080 --- [Thread-3] j.LocalContainerEntityManagerFactoryBean : Closing JPA EntityManagerFactory for persistence unit 'default'
2018-08-16 09:38:03.136  INFO 6095 --- [main] c.s.m.s.impl.MerchantsServiceImplTest    : Starting MerchantsServiceImplTest on sundadeMBP.local with PID 6095 (started by sunda in /Users/sunda/IdeaProjects/cardBag/merchants)
2018-08-16 09:38:03.137  INFO 6095 --- [main] c.s.m.s.impl.MerchantsServiceImplTest    : No active profile set, falling back to default profiles: default
2018-08-16 09:38:03.171  INFO 6095 --- [main] o.s.w.c.s.GenericWebApplicationContext   : Refreshing org.springframework.web.context.support.GenericWebApplicationContext@3646a422: startup date [Thu Aug 16 09:38:03 CST 2018]; root of context hierarchy
2018-08-16 09:38:04.911  INFO 6095 --- [main] trationDelegate$BeanPostProcessorChecker : Bean 'org.springframework.kafka.annotation.KafkaBootstrapConfiguration' of type [org.springframework.kafka.annotation.KafkaBootstrapConfiguration$$EnhancerBySpringCGLIB$$4cf990b6] is not eligible for getting processed by all BeanPostProcessors (for example: not eligible for auto-proxying)
2018-08-16 09:38:06.088  INFO 6095 --- [main] j.LocalContainerEntityManagerFactoryBean : Building JPA container EntityManagerFactory for persistence unit 'default'
2018-08-16 09:38:06.108  INFO 6095 --- [main] o.hibernate.jpa.internal.util.LogHelper  : HHH000204: Processing PersistenceUnitInfo [
	name: default
	...]
2018-08-16 09:38:06.289  INFO 6095 --- [main] org.hibernate.Version                    : HHH000412: Hibernate Core {5.0.12.Final}
2018-08-16 09:38:06.292  INFO 6095 --- [main] org.hibernate.cfg.Environment            : HHH000206: hibernate.properties not found
2018-08-16 09:38:06.295  INFO 6095 --- [main] org.hibernate.cfg.Environment            : HHH000021: Bytecode provider name : javassist
2018-08-16 09:38:06.355  INFO 6095 --- [main] o.hibernate.annotations.common.Version   : HCANN000001: Hibernate Commons Annotations {5.0.1.Final}
2018-08-16 09:38:06.533  INFO 6095 --- [main] org.hibernate.dialect.Dialect            : HHH000400: Using dialect: org.hibernate.dialect.MySQL5Dialect
2018-08-16 09:38:07.330  INFO 6095 --- [main] j.LocalContainerEntityManagerFactoryBean : Initialized JPA EntityManagerFactory for persistence unit 'default'
2018-08-16 09:38:08.675  INFO 6095 --- [main] s.w.s.m.m.a.RequestMappingHandlerAdapter : Looking for @ControllerAdvice: org.springframework.web.context.support.GenericWebApplicationContext@3646a422: startup date [Thu Aug 16 09:38:03 CST 2018]; root of context hierarchy
2018-08-16 09:38:08.795  INFO 6095 --- [main] s.w.s.m.m.a.RequestMappingHandlerMapping : Mapped "{[/error]}" onto public org.springframework.http.ResponseEntity<java.util.Map<java.lang.String, java.lang.Object>> org.springframework.boot.autoconfigure.web.BasicErrorController.error(javax.servlet.http.HttpServletRequest)
2018-08-16 09:38:08.797  INFO 6095 --- [main] s.w.s.m.m.a.RequestMappingHandlerMapping : Mapped "{[/error],produces=[text/html]}" onto public org.springframework.web.servlet.ModelAndView org.springframework.boot.autoconfigure.web.BasicErrorController.errorHtml(javax.servlet.http.HttpServletRequest,javax.servlet.http.HttpServletResponse)
2018-08-16 09:38:08.847  INFO 6095 --- [main] o.s.w.s.handler.SimpleUrlHandlerMapping  : Mapped URL path [/webjars/**] onto handler of type [class org.springframework.web.servlet.resource.ResourceHttpRequestHandler]
2018-08-16 09:38:08.847  INFO 6095 --- [main] o.s.w.s.handler.SimpleUrlHandlerMapping  : Mapped URL path [/**] onto handler of type [class org.springframework.web.servlet.resource.ResourceHttpRequestHandler]
2018-08-16 09:38:08.954  INFO 6095 --- [main] o.s.w.s.handler.SimpleUrlHandlerMapping  : Mapped URL path [/**/favicon.ico] onto handler of type [class org.springframework.web.servlet.resource.ResourceHttpRequestHandler]
2018-08-16 09:38:09.397  INFO 6095 --- [main] o.s.c.support.DefaultLifecycleProcessor  : Starting beans in phase 2147483647
2018-08-16 09:38:09.414  INFO 6095 --- [main] c.s.m.s.impl.MerchantsServiceImplTest    : Started MerchantsServiceImplTest in 17.01 seconds (JVM running for 18.961)
2018-08-16 09:38:09.530  INFO 6095 --- [main] o.h.h.i.QueryTranslatorFactoryInitiator  : HHH000397: Using ASTQueryTranslatorFactory
2018-08-16 09:38:09.859  INFO 6095 --- [Thread-3] o.s.w.c.s.GenericWebApplicationContext   : Closing org.springframework.web.context.support.GenericWebApplicationContext@3646a422: startup date [Thu Aug 16 09:38:03 CST 2018]; root of context hierarchy
2018-08-16 09:38:09.861  INFO 6095 --- [Thread-3] o.s.c.support.DefaultLifecycleProcessor  : Stopping beans in phase 2147483647
2018-08-16 09:38:09.862  INFO 6095 --- [Thread-3] o.s.c.support.DefaultLifecycleProcessor  : Stopping beans in phase 0
2018-08-16 09:38:09.864  INFO 6095 --- [Thread-3] j.LocalContainerEntityManagerFactoryBean : Closing JPA EntityManagerFactory for persistence unit 'default'
2018-08-16 09:42:53.240  INFO 6116 --- [main] c.s.m.s.impl.MerchantsServiceImplTest    : Starting MerchantsServiceImplTest on sundadeMBP.local with PID 6116 (started by sunda in /Users/sunda/IdeaProjects/cardBag/merchants)
2018-08-16 09:42:53.242  INFO 6116 --- [main] c.s.m.s.impl.MerchantsServiceImplTest    : No active profile set, falling back to default profiles: default
2018-08-16 09:42:53.278  INFO 6116 --- [main] o.s.w.c.s.GenericWebApplicationContext   : Refreshing org.springframework.web.context.support.GenericWebApplicationContext@750e2b97: startup date [Thu Aug 16 09:42:53 CST 2018]; root of context hierarchy
2018-08-16 09:42:54.963  INFO 6116 --- [main] trationDelegate$BeanPostProcessorChecker : Bean 'org.springframework.kafka.annotation.KafkaBootstrapConfiguration' of type [org.springframework.kafka.annotation.KafkaBootstrapConfiguration$$EnhancerBySpringCGLIB$$19de92ad] is not eligible for getting processed by all BeanPostProcessors (for example: not eligible for auto-proxying)
2018-08-16 09:42:56.132  INFO 6116 --- [main] j.LocalContainerEntityManagerFactoryBean : Building JPA container EntityManagerFactory for persistence unit 'default'
2018-08-16 09:42:56.165  INFO 6116 --- [main] o.hibernate.jpa.internal.util.LogHelper  : HHH000204: Processing PersistenceUnitInfo [
	name: default
	...]
2018-08-16 09:42:56.358  INFO 6116 --- [main] org.hibernate.Version                    : HHH000412: Hibernate Core {5.0.12.Final}
2018-08-16 09:42:56.360  INFO 6116 --- [main] org.hibernate.cfg.Environment            : HHH000206: hibernate.properties not found
2018-08-16 09:42:56.363  INFO 6116 --- [main] org.hibernate.cfg.Environment            : HHH000021: Bytecode provider name : javassist
2018-08-16 09:42:56.435  INFO 6116 --- [main] o.hibernate.annotations.common.Version   : HCANN000001: Hibernate Commons Annotations {5.0.1.Final}
2018-08-16 09:42:56.599  INFO 6116 --- [main] org.hibernate.dialect.Dialect            : HHH000400: Using dialect: org.hibernate.dialect.MySQL5Dialect
2018-08-16 09:42:57.211  INFO 6116 --- [main] j.LocalContainerEntityManagerFactoryBean : Initialized JPA EntityManagerFactory for persistence unit 'default'
2018-08-16 09:42:58.501  INFO 6116 --- [main] s.w.s.m.m.a.RequestMappingHandlerAdapter : Looking for @ControllerAdvice: org.springframework.web.context.support.GenericWebApplicationContext@750e2b97: startup date [Thu Aug 16 09:42:53 CST 2018]; root of context hierarchy
2018-08-16 09:42:58.633  INFO 6116 --- [main] s.w.s.m.m.a.RequestMappingHandlerMapping : Mapped "{[/error]}" onto public org.springframework.http.ResponseEntity<java.util.Map<java.lang.String, java.lang.Object>> org.springframework.boot.autoconfigure.web.BasicErrorController.error(javax.servlet.http.HttpServletRequest)
2018-08-16 09:42:58.634  INFO 6116 --- [main] s.w.s.m.m.a.RequestMappingHandlerMapping : Mapped "{[/error],produces=[text/html]}" onto public org.springframework.web.servlet.ModelAndView org.springframework.boot.autoconfigure.web.BasicErrorController.errorHtml(javax.servlet.http.HttpServletRequest,javax.servlet.http.HttpServletResponse)
2018-08-16 09:42:58.701  INFO 6116 --- [main] o.s.w.s.handler.SimpleUrlHandlerMapping  : Mapped URL path [/webjars/**] onto handler of type [class org.springframework.web.servlet.resource.ResourceHttpRequestHandler]
2018-08-16 09:42:58.702  INFO 6116 --- [main] o.s.w.s.handler.SimpleUrlHandlerMapping  : Mapped URL path [/**] onto handler of type [class org.springframework.web.servlet.resource.ResourceHttpRequestHandler]
2018-08-16 09:42:58.795  INFO 6116 --- [main] o.s.w.s.handler.SimpleUrlHandlerMapping  : Mapped URL path [/**/favicon.ico] onto handler of type [class org.springframework.web.servlet.resource.ResourceHttpRequestHandler]
2018-08-16 09:42:59.295  INFO 6116 --- [main] o.s.c.support.DefaultLifecycleProcessor  : Starting beans in phase 2147483647
2018-08-16 09:42:59.313  INFO 6116 --- [main] c.s.m.s.impl.MerchantsServiceImplTest    : Started MerchantsServiceImplTest in 17.021 seconds (JVM running for 18.775)
2018-08-16 09:42:59.408  INFO 6116 --- [main] o.h.h.i.QueryTranslatorFactoryInitiator  : HHH000397: Using ASTQueryTranslatorFactory
2018-08-16 09:42:59.768  INFO 6116 --- [Thread-3] o.s.w.c.s.GenericWebApplicationContext   : Closing org.springframework.web.context.support.GenericWebApplicationContext@750e2b97: startup date [Thu Aug 16 09:42:53 CST 2018]; root of context hierarchy
2018-08-16 09:42:59.771  INFO 6116 --- [Thread-3] o.s.c.support.DefaultLifecycleProcessor  : Stopping beans in phase 2147483647
2018-08-16 09:42:59.773  INFO 6116 --- [Thread-3] o.s.c.support.DefaultLifecycleProcessor  : Stopping beans in phase 0
2018-08-16 09:42:59.776  INFO 6116 --- [Thread-3] j.LocalContainerEntityManagerFactoryBean : Closing JPA EntityManagerFactory for persistence unit 'default'
2018-08-16 10:54:22.666  INFO 6440 --- [main] c.s.m.s.impl.MerchantsServiceImplTest    : Starting MerchantsServiceImplTest on sundadeMBP.local with PID 6440 (started by sunda in /Users/sunda/IdeaProjects/cardBag/merchants)
2018-08-16 10:54:22.669  INFO 6440 --- [main] c.s.m.s.impl.MerchantsServiceImplTest    : No active profile set, falling back to default profiles: default
2018-08-16 10:54:22.704  INFO 6440 --- [main] o.s.w.c.s.GenericWebApplicationContext   : Refreshing org.springframework.web.context.support.GenericWebApplicationContext@3e27aa33: startup date [Thu Aug 16 10:54:22 CST 2018]; root of context hierarchy
2018-08-16 10:54:24.424  INFO 6440 --- [main] trationDelegate$BeanPostProcessorChecker : Bean 'org.springframework.kafka.annotation.KafkaBootstrapConfiguration' of type [org.springframework.kafka.annotation.KafkaBootstrapConfiguration$$EnhancerBySpringCGLIB$$cea3b49b] is not eligible for getting processed by all BeanPostProcessors (for example: not eligible for auto-proxying)
2018-08-16 10:54:25.457  INFO 6440 --- [main] j.LocalContainerEntityManagerFactoryBean : Building JPA container EntityManagerFactory for persistence unit 'default'
2018-08-16 10:54:25.476  INFO 6440 --- [main] o.hibernate.jpa.internal.util.LogHelper  : HHH000204: Processing PersistenceUnitInfo [
	name: default
	...]
2018-08-16 10:54:25.562  INFO 6440 --- [main] org.hibernate.Version                    : HHH000412: Hibernate Core {5.0.12.Final}
2018-08-16 10:54:25.564  INFO 6440 --- [main] org.hibernate.cfg.Environment            : HHH000206: hibernate.properties not found
2018-08-16 10:54:25.566  INFO 6440 --- [main] org.hibernate.cfg.Environment            : HHH000021: Bytecode provider name : javassist
2018-08-16 10:54:25.623  INFO 6440 --- [main] o.hibernate.annotations.common.Version   : HCANN000001: Hibernate Commons Annotations {5.0.1.Final}
2018-08-16 10:54:25.812  INFO 6440 --- [main] org.hibernate.dialect.Dialect            : HHH000400: Using dialect: org.hibernate.dialect.MySQL5Dialect
2018-08-16 10:54:26.456  INFO 6440 --- [main] j.LocalContainerEntityManagerFactoryBean : Initialized JPA EntityManagerFactory for persistence unit 'default'
2018-08-16 10:54:27.925  INFO 6440 --- [main] s.w.s.m.m.a.RequestMappingHandlerAdapter : Looking for @ControllerAdvice: org.springframework.web.context.support.GenericWebApplicationContext@3e27aa33: startup date [Thu Aug 16 10:54:22 CST 2018]; root of context hierarchy
2018-08-16 10:54:28.041  INFO 6440 --- [main] s.w.s.m.m.a.RequestMappingHandlerMapping : Mapped "{[/error]}" onto public org.springframework.http.ResponseEntity<java.util.Map<java.lang.String, java.lang.Object>> org.springframework.boot.autoconfigure.web.BasicErrorController.error(javax.servlet.http.HttpServletRequest)
2018-08-16 10:54:28.043  INFO 6440 --- [main] s.w.s.m.m.a.RequestMappingHandlerMapping : Mapped "{[/error],produces=[text/html]}" onto public org.springframework.web.servlet.ModelAndView org.springframework.boot.autoconfigure.web.BasicErrorController.errorHtml(javax.servlet.http.HttpServletRequest,javax.servlet.http.HttpServletResponse)
2018-08-16 10:54:28.114  INFO 6440 --- [main] o.s.w.s.handler.SimpleUrlHandlerMapping  : Mapped URL path [/webjars/**] onto handler of type [class org.springframework.web.servlet.resource.ResourceHttpRequestHandler]
2018-08-16 10:54:28.114  INFO 6440 --- [main] o.s.w.s.handler.SimpleUrlHandlerMapping  : Mapped URL path [/**] onto handler of type [class org.springframework.web.servlet.resource.ResourceHttpRequestHandler]
2018-08-16 10:54:28.223  INFO 6440 --- [main] o.s.w.s.handler.SimpleUrlHandlerMapping  : Mapped URL path [/**/favicon.ico] onto handler of type [class org.springframework.web.servlet.resource.ResourceHttpRequestHandler]
2018-08-16 10:54:28.644  INFO 6440 --- [main] o.s.c.support.DefaultLifecycleProcessor  : Starting beans in phase 2147483647
2018-08-16 10:54:28.661  INFO 6440 --- [main] c.s.m.s.impl.MerchantsServiceImplTest    : Started MerchantsServiceImplTest in 16.876 seconds (JVM running for 18.631)
2018-08-16 10:54:28.823  INFO 6440 --- [main] o.h.h.i.QueryTranslatorFactoryInitiator  : HHH000397: Using ASTQueryTranslatorFactory
2018-08-16 10:54:29.217  INFO 6440 --- [Thread-3] o.s.w.c.s.GenericWebApplicationContext   : Closing org.springframework.web.context.support.GenericWebApplicationContext@3e27aa33: startup date [Thu Aug 16 10:54:22 CST 2018]; root of context hierarchy
2018-08-16 10:54:29.221  INFO 6440 --- [Thread-3] o.s.c.support.DefaultLifecycleProcessor  : Stopping beans in phase 2147483647
2018-08-16 10:54:29.223  INFO 6440 --- [Thread-3] o.s.c.support.DefaultLifecycleProcessor  : Stopping beans in phase 0
2018-08-16 10:54:29.225  INFO 6440 --- [Thread-3] j.LocalContainerEntityManagerFactoryBean : Closing JPA EntityManagerFactory for persistence unit 'default'
2018-08-16 10:54:56.998  INFO 6442 --- [main] c.s.m.s.impl.MerchantsServiceImplTest    : Starting MerchantsServiceImplTest on sundadeMBP.local with PID 6442 (started by sunda in /Users/sunda/IdeaProjects/cardBag/merchants)
2018-08-16 10:54:56.999  INFO 6442 --- [main] c.s.m.s.impl.MerchantsServiceImplTest    : No active profile set, falling back to default profiles: default
2018-08-16 10:54:57.029  INFO 6442 --- [main] o.s.w.c.s.GenericWebApplicationContext   : Refreshing org.springframework.web.context.support.GenericWebApplicationContext@3e27aa33: startup date [Thu Aug 16 10:54:57 CST 2018]; root of context hierarchy
2018-08-16 10:54:58.757  INFO 6442 --- [main] trationDelegate$BeanPostProcessorChecker : Bean 'org.springframework.kafka.annotation.KafkaBootstrapConfiguration' of type [org.springframework.kafka.annotation.KafkaBootstrapConfiguration$$EnhancerBySpringCGLIB$$16517bdb] is not eligible for getting processed by all BeanPostProcessors (for example: not eligible for auto-proxying)
2018-08-16 10:54:59.732  INFO 6442 --- [main] j.LocalContainerEntityManagerFactoryBean : Building JPA container EntityManagerFactory for persistence unit 'default'
2018-08-16 10:54:59.752  INFO 6442 --- [main] o.hibernate.jpa.internal.util.LogHelper  : HHH000204: Processing PersistenceUnitInfo [
	name: default
	...]
2018-08-16 10:54:59.842  INFO 6442 --- [main] org.hibernate.Version                    : HHH000412: Hibernate Core {5.0.12.Final}
2018-08-16 10:54:59.845  INFO 6442 --- [main] org.hibernate.cfg.Environment            : HHH000206: hibernate.properties not found
2018-08-16 10:54:59.847  INFO 6442 --- [main] org.hibernate.cfg.Environment            : HHH000021: Bytecode provider name : javassist
2018-08-16 10:54:59.913  INFO 6442 --- [main] o.hibernate.annotations.common.Version   : HCANN000001: Hibernate Commons Annotations {5.0.1.Final}
2018-08-16 10:55:00.096  INFO 6442 --- [main] org.hibernate.dialect.Dialect            : HHH000400: Using dialect: org.hibernate.dialect.MySQL5Dialect
2018-08-16 10:55:00.802  INFO 6442 --- [main] j.LocalContainerEntityManagerFactoryBean : Initialized JPA EntityManagerFactory for persistence unit 'default'
2018-08-16 10:55:02.141  INFO 6442 --- [main] s.w.s.m.m.a.RequestMappingHandlerAdapter : Looking for @ControllerAdvice: org.springframework.web.context.support.GenericWebApplicationContext@3e27aa33: startup date [Thu Aug 16 10:54:57 CST 2018]; root of context hierarchy
2018-08-16 10:55:02.261  INFO 6442 --- [main] s.w.s.m.m.a.RequestMappingHandlerMapping : Mapped "{[/error]}" onto public org.springframework.http.ResponseEntity<java.util.Map<java.lang.String, java.lang.Object>> org.springframework.boot.autoconfigure.web.BasicErrorController.error(javax.servlet.http.HttpServletRequest)
2018-08-16 10:55:02.263  INFO 6442 --- [main] s.w.s.m.m.a.RequestMappingHandlerMapping : Mapped "{[/error],produces=[text/html]}" onto public org.springframework.web.servlet.ModelAndView org.springframework.boot.autoconfigure.web.BasicErrorController.errorHtml(javax.servlet.http.HttpServletRequest,javax.servlet.http.HttpServletResponse)
2018-08-16 10:55:02.317  INFO 6442 --- [main] o.s.w.s.handler.SimpleUrlHandlerMapping  : Mapped URL path [/webjars/**] onto handler of type [class org.springframework.web.servlet.resource.ResourceHttpRequestHandler]
2018-08-16 10:55:02.317  INFO 6442 --- [main] o.s.w.s.handler.SimpleUrlHandlerMapping  : Mapped URL path [/**] onto handler of type [class org.springframework.web.servlet.resource.ResourceHttpRequestHandler]
2018-08-16 10:55:02.398  INFO 6442 --- [main] o.s.w.s.handler.SimpleUrlHandlerMapping  : Mapped URL path [/**/favicon.ico] onto handler of type [class org.springframework.web.servlet.resource.ResourceHttpRequestHandler]
2018-08-16 10:55:02.827  INFO 6442 --- [main] o.s.c.support.DefaultLifecycleProcessor  : Starting beans in phase 2147483647
2018-08-16 10:55:02.845  INFO 6442 --- [main] c.s.m.s.impl.MerchantsServiceImplTest    : Started MerchantsServiceImplTest in 16.707 seconds (JVM running for 18.323)
2018-08-16 10:55:02.954  INFO 6442 --- [main] o.h.h.i.QueryTranslatorFactoryInitiator  : HHH000397: Using ASTQueryTranslatorFactory
2018-08-16 10:55:03.377  INFO 6442 --- [main] o.a.k.clients.producer.ProducerConfig    : ProducerConfig values: 
	metric.reporters = []
	metadata.max.age.ms = 300000
	reconnect.backoff.ms = 50
	sasl.kerberos.ticket.renew.window.factor = 0.8
	bootstrap.servers = [127.0.0.1:9092]
	ssl.keystore.type = JKS
	sasl.mechanism = GSSAPI
	max.block.ms = 60000
	interceptor.classes = null
	ssl.truststore.password = null
	client.id = 
	ssl.endpoint.identification.algorithm = null
	request.timeout.ms = 30000
	acks = 1
	receive.buffer.bytes = 32768
	ssl.truststore.type = JKS
	retries = 0
	ssl.truststore.location = null
	ssl.keystore.password = null
	send.buffer.bytes = 131072
	compression.type = none
	metadata.fetch.timeout.ms = 60000
	retry.backoff.ms = 100
	sasl.kerberos.kinit.cmd = /usr/bin/kinit
	buffer.memory = 33554432
	timeout.ms = 30000
	key.serializer = class org.apache.kafka.common.serialization.StringSerializer
	sasl.kerberos.service.name = null
	sasl.kerberos.ticket.renew.jitter = 0.05
	ssl.trustmanager.algorithm = PKIX
	block.on.buffer.full = false
	ssl.key.password = null
	sasl.kerberos.min.time.before.relogin = 60000
	connections.max.idle.ms = 540000
	max.in.flight.requests.per.connection = 5
	metrics.num.samples = 2
	ssl.protocol = TLS
	ssl.provider = null
	ssl.enabled.protocols = [TLSv1.2, TLSv1.1, TLSv1]
	batch.size = 16384
	ssl.keystore.location = null
	ssl.cipher.suites = null
	security.protocol = PLAINTEXT
	max.request.size = 1048576
	value.serializer = class org.apache.kafka.common.serialization.StringSerializer
	ssl.keymanager.algorithm = SunX509
	metrics.sample.window.ms = 30000
	partitioner.class = class org.apache.kafka.clients.producer.internals.DefaultPartitioner
	linger.ms = 0

2018-08-16 10:55:03.483  INFO 6442 --- [main] o.a.k.clients.producer.ProducerConfig    : ProducerConfig values: 
	metric.reporters = []
	metadata.max.age.ms = 300000
	reconnect.backoff.ms = 50
	sasl.kerberos.ticket.renew.window.factor = 0.8
	bootstrap.servers = [127.0.0.1:9092]
	ssl.keystore.type = JKS
	sasl.mechanism = GSSAPI
	max.block.ms = 60000
	interceptor.classes = null
	ssl.truststore.password = null
	client.id = producer-1
	ssl.endpoint.identification.algorithm = null
	request.timeout.ms = 30000
	acks = 1
	receive.buffer.bytes = 32768
	ssl.truststore.type = JKS
	retries = 0
	ssl.truststore.location = null
	ssl.keystore.password = null
	send.buffer.bytes = 131072
	compression.type = none
	metadata.fetch.timeout.ms = 60000
	retry.backoff.ms = 100
	sasl.kerberos.kinit.cmd = /usr/bin/kinit
	buffer.memory = 33554432
	timeout.ms = 30000
	key.serializer = class org.apache.kafka.common.serialization.StringSerializer
	sasl.kerberos.service.name = null
	sasl.kerberos.ticket.renew.jitter = 0.05
	ssl.trustmanager.algorithm = PKIX
	block.on.buffer.full = false
	ssl.key.password = null
	sasl.kerberos.min.time.before.relogin = 60000
	connections.max.idle.ms = 540000
	max.in.flight.requests.per.connection = 5
	metrics.num.samples = 2
	ssl.protocol = TLS
	ssl.provider = null
	ssl.enabled.protocols = [TLSv1.2, TLSv1.1, TLSv1]
	batch.size = 16384
	ssl.keystore.location = null
	ssl.cipher.suites = null
	security.protocol = PLAINTEXT
	max.request.size = 1048576
	value.serializer = class org.apache.kafka.common.serialization.StringSerializer
	ssl.keymanager.algorithm = SunX509
	metrics.sample.window.ms = 30000
	partitioner.class = class org.apache.kafka.clients.producer.internals.DefaultPartitioner
	linger.ms = 0

2018-08-16 10:55:03.487  INFO 6442 --- [main] o.a.kafka.common.utils.AppInfoParser     : Kafka version : 0.10.0.1
2018-08-16 10:55:03.488  INFO 6442 --- [main] o.a.kafka.common.utils.AppInfoParser     : Kafka commitId : a7a17cdec9eaa6c5
2018-08-16 10:56:03.509 ERROR 6442 --- [main] o.s.k.support.LoggingProducerListener    : Exception thrown when sending a message with key='merchants-template' and payload='{"background":2,"desc":"laotizi","end":1535252102922,"hasToken":false,"id":17,"limit":10000,"start":...' to topic merchants-template:

org.apache.kafka.common.errors.TimeoutException: Failed to update metadata after 60000 ms.

2018-08-16 10:56:03.510  INFO 6442 --- [main] c.s.m.service.impl.MerchantsServiceImpl  : DropPassTemplates: {"background":2,"desc":"laotizi","end":1535252102922,"hasToken":false,"id":17,"limit":10000,"start":1533524102919,"summary":"laotizi","title":"laotizi"}
2018-08-16 10:56:03.517  INFO 6442 --- [Thread-3] o.s.w.c.s.GenericWebApplicationContext   : Closing org.springframework.web.context.support.GenericWebApplicationContext@3e27aa33: startup date [Thu Aug 16 10:54:57 CST 2018]; root of context hierarchy
2018-08-16 10:56:03.529  INFO 6442 --- [Thread-3] o.s.c.support.DefaultLifecycleProcessor  : Stopping beans in phase 2147483647
2018-08-16 10:56:03.530  INFO 6442 --- [Thread-3] o.s.c.support.DefaultLifecycleProcessor  : Stopping beans in phase 0
2018-08-16 10:56:03.534  INFO 6442 --- [Thread-3] o.a.k.clients.producer.KafkaProducer     : Closing the Kafka producer with timeoutMillis = 9223372036854775807 ms.
2018-08-16 10:56:03.542  INFO 6442 --- [Thread-3] j.LocalContainerEntityManagerFactoryBean : Closing JPA EntityManagerFactory for persistence unit 'default'
2018-08-16 15:11:21.013  INFO 7583 --- [main] c.s.m.s.impl.MerchantsServiceImplTest    : Starting MerchantsServiceImplTest on sundadeMBP.local with PID 7583 (started by sunda in /Users/sunda/IdeaProjects/cardBag/merchants)
2018-08-16 15:11:21.017  INFO 7583 --- [main] c.s.m.s.impl.MerchantsServiceImplTest    : No active profile set, falling back to default profiles: default
2018-08-16 15:11:21.049  INFO 7583 --- [main] o.s.w.c.s.GenericWebApplicationContext   : Refreshing org.springframework.web.context.support.GenericWebApplicationContext@3e27aa33: startup date [Thu Aug 16 15:11:21 CST 2018]; root of context hierarchy
2018-08-16 15:11:22.824  INFO 7583 --- [main] trationDelegate$BeanPostProcessorChecker : Bean 'org.springframework.kafka.annotation.KafkaBootstrapConfiguration' of type [org.springframework.kafka.annotation.KafkaBootstrapConfiguration$$EnhancerBySpringCGLIB$$65bb8003] is not eligible for getting processed by all BeanPostProcessors (for example: not eligible for auto-proxying)
2018-08-16 15:11:24.014  INFO 7583 --- [main] j.LocalContainerEntityManagerFactoryBean : Building JPA container EntityManagerFactory for persistence unit 'default'
2018-08-16 15:11:24.034  INFO 7583 --- [main] o.hibernate.jpa.internal.util.LogHelper  : HHH000204: Processing PersistenceUnitInfo [
	name: default
	...]
2018-08-16 15:11:24.273  INFO 7583 --- [main] org.hibernate.Version                    : HHH000412: Hibernate Core {5.0.12.Final}
2018-08-16 15:11:24.281  INFO 7583 --- [main] org.hibernate.cfg.Environment            : HHH000206: hibernate.properties not found
2018-08-16 15:11:24.284  INFO 7583 --- [main] org.hibernate.cfg.Environment            : HHH000021: Bytecode provider name : javassist
2018-08-16 15:11:24.339  INFO 7583 --- [main] o.hibernate.annotations.common.Version   : HCANN000001: Hibernate Commons Annotations {5.0.1.Final}
2018-08-16 15:11:24.483  INFO 7583 --- [main] org.hibernate.dialect.Dialect            : HHH000400: Using dialect: org.hibernate.dialect.MySQL5Dialect
2018-08-16 15:11:25.326  INFO 7583 --- [main] j.LocalContainerEntityManagerFactoryBean : Initialized JPA EntityManagerFactory for persistence unit 'default'
2018-08-16 15:11:26.902  INFO 7583 --- [main] s.w.s.m.m.a.RequestMappingHandlerAdapter : Looking for @ControllerAdvice: org.springframework.web.context.support.GenericWebApplicationContext@3e27aa33: startup date [Thu Aug 16 15:11:21 CST 2018]; root of context hierarchy
2018-08-16 15:11:27.040  INFO 7583 --- [main] s.w.s.m.m.a.RequestMappingHandlerMapping : Mapped "{[/error]}" onto public org.springframework.http.ResponseEntity<java.util.Map<java.lang.String, java.lang.Object>> org.springframework.boot.autoconfigure.web.BasicErrorController.error(javax.servlet.http.HttpServletRequest)
2018-08-16 15:11:27.042  INFO 7583 --- [main] s.w.s.m.m.a.RequestMappingHandlerMapping : Mapped "{[/error],produces=[text/html]}" onto public org.springframework.web.servlet.ModelAndView org.springframework.boot.autoconfigure.web.BasicErrorController.errorHtml(javax.servlet.http.HttpServletRequest,javax.servlet.http.HttpServletResponse)
2018-08-16 15:11:27.095  INFO 7583 --- [main] o.s.w.s.handler.SimpleUrlHandlerMapping  : Mapped URL path [/webjars/**] onto handler of type [class org.springframework.web.servlet.resource.ResourceHttpRequestHandler]
2018-08-16 15:11:27.095  INFO 7583 --- [main] o.s.w.s.handler.SimpleUrlHandlerMapping  : Mapped URL path [/**] onto handler of type [class org.springframework.web.servlet.resource.ResourceHttpRequestHandler]
2018-08-16 15:11:27.188  INFO 7583 --- [main] o.s.w.s.handler.SimpleUrlHandlerMapping  : Mapped URL path [/**/favicon.ico] onto handler of type [class org.springframework.web.servlet.resource.ResourceHttpRequestHandler]
2018-08-16 15:11:27.668  INFO 7583 --- [main] o.s.c.support.DefaultLifecycleProcessor  : Starting beans in phase 2147483647
2018-08-16 15:11:27.686  INFO 7583 --- [main] c.s.m.s.impl.MerchantsServiceImplTest    : Started MerchantsServiceImplTest in 17.445 seconds (JVM running for 19.415)
2018-08-16 15:11:27.841  INFO 7583 --- [main] o.h.h.i.QueryTranslatorFactoryInitiator  : HHH000397: Using ASTQueryTranslatorFactory
2018-08-16 15:11:28.268  INFO 7583 --- [main] o.a.k.clients.producer.ProducerConfig    : ProducerConfig values: 
	metric.reporters = []
	metadata.max.age.ms = 300000
	reconnect.backoff.ms = 50
	sasl.kerberos.ticket.renew.window.factor = 0.8
	bootstrap.servers = [192.168.31.69:9092]
	ssl.keystore.type = JKS
	sasl.mechanism = GSSAPI
	max.block.ms = 60000
	interceptor.classes = null
	ssl.truststore.password = null
	client.id = 
	ssl.endpoint.identification.algorithm = null
	request.timeout.ms = 30000
	acks = 1
	receive.buffer.bytes = 32768
	ssl.truststore.type = JKS
	retries = 0
	ssl.truststore.location = null
	ssl.keystore.password = null
	send.buffer.bytes = 131072
	compression.type = none
	metadata.fetch.timeout.ms = 60000
	retry.backoff.ms = 100
	sasl.kerberos.kinit.cmd = /usr/bin/kinit
	buffer.memory = 33554432
	timeout.ms = 30000
	key.serializer = class org.apache.kafka.common.serialization.StringSerializer
	sasl.kerberos.service.name = null
	sasl.kerberos.ticket.renew.jitter = 0.05
	ssl.trustmanager.algorithm = PKIX
	block.on.buffer.full = false
	ssl.key.password = null
	sasl.kerberos.min.time.before.relogin = 60000
	connections.max.idle.ms = 540000
	max.in.flight.requests.per.connection = 5
	metrics.num.samples = 2
	ssl.protocol = TLS
	ssl.provider = null
	ssl.enabled.protocols = [TLSv1.2, TLSv1.1, TLSv1]
	batch.size = 16384
	ssl.keystore.location = null
	ssl.cipher.suites = null
	security.protocol = PLAINTEXT
	max.request.size = 1048576
	value.serializer = class org.apache.kafka.common.serialization.StringSerializer
	ssl.keymanager.algorithm = SunX509
	metrics.sample.window.ms = 30000
	partitioner.class = class org.apache.kafka.clients.producer.internals.DefaultPartitioner
	linger.ms = 0

2018-08-16 15:11:28.324  INFO 7583 --- [main] o.a.k.clients.producer.ProducerConfig    : ProducerConfig values: 
	metric.reporters = []
	metadata.max.age.ms = 300000
	reconnect.backoff.ms = 50
	sasl.kerberos.ticket.renew.window.factor = 0.8
	bootstrap.servers = [192.168.31.69:9092]
	ssl.keystore.type = JKS
	sasl.mechanism = GSSAPI
	max.block.ms = 60000
	interceptor.classes = null
	ssl.truststore.password = null
	client.id = producer-1
	ssl.endpoint.identification.algorithm = null
	request.timeout.ms = 30000
	acks = 1
	receive.buffer.bytes = 32768
	ssl.truststore.type = JKS
	retries = 0
	ssl.truststore.location = null
	ssl.keystore.password = null
	send.buffer.bytes = 131072
	compression.type = none
	metadata.fetch.timeout.ms = 60000
	retry.backoff.ms = 100
	sasl.kerberos.kinit.cmd = /usr/bin/kinit
	buffer.memory = 33554432
	timeout.ms = 30000
	key.serializer = class org.apache.kafka.common.serialization.StringSerializer
	sasl.kerberos.service.name = null
	sasl.kerberos.ticket.renew.jitter = 0.05
	ssl.trustmanager.algorithm = PKIX
	block.on.buffer.full = false
	ssl.key.password = null
	sasl.kerberos.min.time.before.relogin = 60000
	connections.max.idle.ms = 540000
	max.in.flight.requests.per.connection = 5
	metrics.num.samples = 2
	ssl.protocol = TLS
	ssl.provider = null
	ssl.enabled.protocols = [TLSv1.2, TLSv1.1, TLSv1]
	batch.size = 16384
	ssl.keystore.location = null
	ssl.cipher.suites = null
	security.protocol = PLAINTEXT
	max.request.size = 1048576
	value.serializer = class org.apache.kafka.common.serialization.StringSerializer
	ssl.keymanager.algorithm = SunX509
	metrics.sample.window.ms = 30000
	partitioner.class = class org.apache.kafka.clients.producer.internals.DefaultPartitioner
	linger.ms = 0

2018-08-16 15:11:28.328  INFO 7583 --- [main] o.a.kafka.common.utils.AppInfoParser     : Kafka version : 0.10.0.1
2018-08-16 15:11:28.329  INFO 7583 --- [main] o.a.kafka.common.utils.AppInfoParser     : Kafka commitId : a7a17cdec9eaa6c5
2018-08-16 15:11:28.579  INFO 7583 --- [main] c.s.m.service.impl.MerchantsServiceImpl  : DropPassTemplates: {"background":2,"desc":"laotizi","end":1535267487799,"hasToken":false,"id":17,"limit":10000,"start":1533539487797,"summary":"laotizi","title":"laotizi"}
2018-08-16 15:11:28.603  INFO 7583 --- [Thread-3] o.s.w.c.s.GenericWebApplicationContext   : Closing org.springframework.web.context.support.GenericWebApplicationContext@3e27aa33: startup date [Thu Aug 16 15:11:21 CST 2018]; root of context hierarchy
2018-08-16 15:11:28.608  INFO 7583 --- [Thread-3] o.s.c.support.DefaultLifecycleProcessor  : Stopping beans in phase 2147483647
2018-08-16 15:11:28.608  INFO 7583 --- [Thread-3] o.s.c.support.DefaultLifecycleProcessor  : Stopping beans in phase 0
2018-08-16 15:11:28.609  INFO 7583 --- [Thread-3] o.a.k.clients.producer.KafkaProducer     : Closing the Kafka producer with timeoutMillis = 9223372036854775807 ms.
2018-08-16 15:11:28.618  INFO 7583 --- [Thread-3] j.LocalContainerEntityManagerFactoryBean : Closing JPA EntityManagerFactory for persistence unit 'default'
2018-08-16 15:40:13.742  INFO 7696 --- [main] c.sunda.merchants.MerchantsApplication   : Starting MerchantsApplication on sundadeMBP.local with PID 7696 (/Users/sunda/IdeaProjects/cardBag/merchants/target/classes started by sunda in /Users/sunda/IdeaProjects/cardBag/merchants)
2018-08-16 15:40:13.747  INFO 7696 --- [main] c.sunda.merchants.MerchantsApplication   : No active profile set, falling back to default profiles: default
2018-08-16 15:40:13.794  INFO 7696 --- [main] ationConfigEmbeddedWebApplicationContext : Refreshing org.springframework.boot.context.embedded.AnnotationConfigEmbeddedWebApplicationContext@192d43ce: startup date [Thu Aug 16 15:40:13 CST 2018]; root of context hierarchy
2018-08-16 15:40:15.251  INFO 7696 --- [main] trationDelegate$BeanPostProcessorChecker : Bean 'org.springframework.kafka.annotation.KafkaBootstrapConfiguration' of type [org.springframework.kafka.annotation.KafkaBootstrapConfiguration$$EnhancerBySpringCGLIB$$88a72220] is not eligible for getting processed by all BeanPostProcessors (for example: not eligible for auto-proxying)
2018-08-16 15:40:15.735  INFO 7696 --- [main] s.b.c.e.t.TomcatEmbeddedServletContainer : Tomcat initialized with port(s): 9527 (http)
2018-08-16 15:40:15.754  INFO 7696 --- [main] o.apache.catalina.core.StandardService   : Starting service Tomcat
2018-08-16 15:40:15.756  INFO 7696 --- [main] org.apache.catalina.core.StandardEngine  : Starting Servlet Engine: Apache Tomcat/8.5.14
2018-08-16 15:40:15.885  INFO 7696 --- [localhost-startStop-1] o.a.c.c.C.[Tomcat].[localhost].[/]       : Initializing Spring embedded WebApplicationContext
2018-08-16 15:40:15.887  INFO 7696 --- [localhost-startStop-1] o.s.web.context.ContextLoader            : Root WebApplicationContext: initialization completed in 2095 ms
2018-08-16 15:40:16.134  INFO 7696 --- [localhost-startStop-1] o.s.b.w.servlet.ServletRegistrationBean  : Mapping servlet: 'dispatcherServlet' to [/]
2018-08-16 15:40:16.139  INFO 7696 --- [localhost-startStop-1] o.s.b.w.servlet.FilterRegistrationBean   : Mapping filter: 'characterEncodingFilter' to: [/*]
2018-08-16 15:40:16.140  INFO 7696 --- [localhost-startStop-1] o.s.b.w.servlet.FilterRegistrationBean   : Mapping filter: 'hiddenHttpMethodFilter' to: [/*]
2018-08-16 15:40:16.140  INFO 7696 --- [localhost-startStop-1] o.s.b.w.servlet.FilterRegistrationBean   : Mapping filter: 'httpPutFormContentFilter' to: [/*]
2018-08-16 15:40:16.140  INFO 7696 --- [localhost-startStop-1] o.s.b.w.servlet.FilterRegistrationBean   : Mapping filter: 'requestContextFilter' to: [/*]
2018-08-16 15:40:16.977  INFO 7696 --- [main] j.LocalContainerEntityManagerFactoryBean : Building JPA container EntityManagerFactory for persistence unit 'default'
2018-08-16 15:40:17.012  INFO 7696 --- [main] o.hibernate.jpa.internal.util.LogHelper  : HHH000204: Processing PersistenceUnitInfo [
	name: default
	...]
2018-08-16 15:40:17.104  INFO 7696 --- [main] org.hibernate.Version                    : HHH000412: Hibernate Core {5.0.12.Final}
2018-08-16 15:40:17.107  INFO 7696 --- [main] org.hibernate.cfg.Environment            : HHH000206: hibernate.properties not found
2018-08-16 15:40:17.109  INFO 7696 --- [main] org.hibernate.cfg.Environment            : HHH000021: Bytecode provider name : javassist
2018-08-16 15:40:17.176  INFO 7696 --- [main] o.hibernate.annotations.common.Version   : HCANN000001: Hibernate Commons Annotations {5.0.1.Final}
2018-08-16 15:40:17.308  INFO 7696 --- [main] org.hibernate.dialect.Dialect            : HHH000400: Using dialect: org.hibernate.dialect.MySQL5Dialect
2018-08-16 15:40:17.924  INFO 7696 --- [main] j.LocalContainerEntityManagerFactoryBean : Initialized JPA EntityManagerFactory for persistence unit 'default'
2018-08-16 15:40:17.961  WARN 7696 --- [main] ationConfigEmbeddedWebApplicationContext : Exception encountered during context initialization - cancelling refresh attempt: org.springframework.beans.factory.UnsatisfiedDependencyException: Error creating bean with name 'merchantsApplication': Unsatisfied dependency expressed through field 'authCheckInterceptor'; nested exception is org.springframework.beans.factory.NoSuchBeanDefinitionException: No qualifying bean of type 'com.sunda.merchants.security.AuthCheckInterceptor' available: expected at least 1 bean which qualifies as autowire candidate. Dependency annotations: {@org.springframework.beans.factory.annotation.Autowired(required=true)}
2018-08-16 15:40:17.961  INFO 7696 --- [main] j.LocalContainerEntityManagerFactoryBean : Closing JPA EntityManagerFactory for persistence unit 'default'
2018-08-16 15:40:17.967  INFO 7696 --- [main] o.apache.catalina.core.StandardService   : Stopping service Tomcat
2018-08-16 15:40:17.979  INFO 7696 --- [main] utoConfigurationReportLoggingInitializer : 

Error starting ApplicationContext. To display the auto-configuration report re-run your application with 'debug' enabled.
2018-08-16 15:40:18.105 ERROR 7696 --- [main] o.s.b.d.LoggingFailureAnalysisReporter   : 

***************************
APPLICATION FAILED TO START
***************************

Description:

Field authCheckInterceptor in com.sunda.merchants.MerchantsApplication required a bean of type 'com.sunda.merchants.security.AuthCheckInterceptor' that could not be found.


Action:

Consider defining a bean of type 'com.sunda.merchants.security.AuthCheckInterceptor' in your configuration.

2018-08-16 15:45:11.716  INFO 7732 --- [main] c.sunda.merchants.MerchantsApplication   : Starting MerchantsApplication on sundadeMBP.local with PID 7732 (/Users/sunda/IdeaProjects/cardBag/merchants/target/classes started by sunda in /Users/sunda/IdeaProjects/cardBag/merchants)
2018-08-16 15:45:11.719  INFO 7732 --- [main] c.sunda.merchants.MerchantsApplication   : No active profile set, falling back to default profiles: default
2018-08-16 15:45:11.757  INFO 7732 --- [main] ationConfigEmbeddedWebApplicationContext : Refreshing org.springframework.boot.context.embedded.AnnotationConfigEmbeddedWebApplicationContext@192d43ce: startup date [Thu Aug 16 15:45:11 CST 2018]; root of context hierarchy
2018-08-16 15:45:12.758  INFO 7732 --- [main] trationDelegate$BeanPostProcessorChecker : Bean 'org.springframework.kafka.annotation.KafkaBootstrapConfiguration' of type [org.springframework.kafka.annotation.KafkaBootstrapConfiguration$$EnhancerBySpringCGLIB$$782e0899] is not eligible for getting processed by all BeanPostProcessors (for example: not eligible for auto-proxying)
2018-08-16 15:45:13.087  INFO 7732 --- [main] s.b.c.e.t.TomcatEmbeddedServletContainer : Tomcat initialized with port(s): 9527 (http)
2018-08-16 15:45:13.102  INFO 7732 --- [main] o.apache.catalina.core.StandardService   : Starting service Tomcat
2018-08-16 15:45:13.103  INFO 7732 --- [main] org.apache.catalina.core.StandardEngine  : Starting Servlet Engine: Apache Tomcat/8.5.14
2018-08-16 15:45:13.209  INFO 7732 --- [localhost-startStop-1] o.a.c.c.C.[Tomcat].[localhost].[/]       : Initializing Spring embedded WebApplicationContext
2018-08-16 15:45:13.210  INFO 7732 --- [localhost-startStop-1] o.s.web.context.ContextLoader            : Root WebApplicationContext: initialization completed in 1456 ms
2018-08-16 15:45:13.341  INFO 7732 --- [localhost-startStop-1] o.s.b.w.servlet.ServletRegistrationBean  : Mapping servlet: 'dispatcherServlet' to [/]
2018-08-16 15:45:13.345  INFO 7732 --- [localhost-startStop-1] o.s.b.w.servlet.FilterRegistrationBean   : Mapping filter: 'characterEncodingFilter' to: [/*]
2018-08-16 15:45:13.346  INFO 7732 --- [localhost-startStop-1] o.s.b.w.servlet.FilterRegistrationBean   : Mapping filter: 'hiddenHttpMethodFilter' to: [/*]
2018-08-16 15:45:13.346  INFO 7732 --- [localhost-startStop-1] o.s.b.w.servlet.FilterRegistrationBean   : Mapping filter: 'httpPutFormContentFilter' to: [/*]
2018-08-16 15:45:13.346  INFO 7732 --- [localhost-startStop-1] o.s.b.w.servlet.FilterRegistrationBean   : Mapping filter: 'requestContextFilter' to: [/*]
2018-08-16 15:45:13.873  INFO 7732 --- [main] j.LocalContainerEntityManagerFactoryBean : Building JPA container EntityManagerFactory for persistence unit 'default'
2018-08-16 15:45:13.892  INFO 7732 --- [main] o.hibernate.jpa.internal.util.LogHelper  : HHH000204: Processing PersistenceUnitInfo [
	name: default
	...]
2018-08-16 15:45:14.009  INFO 7732 --- [main] org.hibernate.Version                    : HHH000412: Hibernate Core {5.0.12.Final}
2018-08-16 15:45:14.010  INFO 7732 --- [main] org.hibernate.cfg.Environment            : HHH000206: hibernate.properties not found
2018-08-16 15:45:14.012  INFO 7732 --- [main] org.hibernate.cfg.Environment            : HHH000021: Bytecode provider name : javassist
2018-08-16 15:45:14.055  INFO 7732 --- [main] o.hibernate.annotations.common.Version   : HCANN000001: Hibernate Commons Annotations {5.0.1.Final}
2018-08-16 15:45:14.242  INFO 7732 --- [main] org.hibernate.dialect.Dialect            : HHH000400: Using dialect: org.hibernate.dialect.MySQL5Dialect
2018-08-16 15:45:14.709  INFO 7732 --- [main] j.LocalContainerEntityManagerFactoryBean : Initialized JPA EntityManagerFactory for persistence unit 'default'
2018-08-16 15:45:14.722  WARN 7732 --- [main] ationConfigEmbeddedWebApplicationContext : Exception encountered during context initialization - cancelling refresh attempt: org.springframework.beans.factory.UnsatisfiedDependencyException: Error creating bean with name 'merchantsApplication': Unsatisfied dependency expressed through field 'authCheckInterceptor'; nested exception is org.springframework.beans.factory.NoSuchBeanDefinitionException: No qualifying bean of type 'com.sunda.merchants.security.AuthCheckInterceptor' available: expected at least 1 bean which qualifies as autowire candidate. Dependency annotations: {@org.springframework.beans.factory.annotation.Autowired(required=true)}
2018-08-16 15:45:14.722  INFO 7732 --- [main] j.LocalContainerEntityManagerFactoryBean : Closing JPA EntityManagerFactory for persistence unit 'default'
2018-08-16 15:45:14.728  INFO 7732 --- [main] o.apache.catalina.core.StandardService   : Stopping service Tomcat
2018-08-16 15:45:14.739  INFO 7732 --- [main] utoConfigurationReportLoggingInitializer : 

Error starting ApplicationContext. To display the auto-configuration report re-run your application with 'debug' enabled.
2018-08-16 15:45:14.818 ERROR 7732 --- [main] o.s.b.d.LoggingFailureAnalysisReporter   : 

***************************
APPLICATION FAILED TO START
***************************

Description:

Field authCheckInterceptor in com.sunda.merchants.MerchantsApplication required a bean of type 'com.sunda.merchants.security.AuthCheckInterceptor' that could not be found.


Action:

Consider defining a bean of type 'com.sunda.merchants.security.AuthCheckInterceptor' in your configuration.

2018-08-16 15:49:03.031  INFO 7749 --- [main] c.sunda.merchants.MerchantsApplication   : Starting MerchantsApplication on sundadeMBP.local with PID 7749 (/Users/sunda/IdeaProjects/cardBag/merchants/target/classes started by sunda in /Users/sunda/IdeaProjects/cardBag/merchants)
2018-08-16 15:49:03.035  INFO 7749 --- [main] c.sunda.merchants.MerchantsApplication   : No active profile set, falling back to default profiles: default
2018-08-16 15:49:03.082  INFO 7749 --- [main] ationConfigEmbeddedWebApplicationContext : Refreshing org.springframework.boot.context.embedded.AnnotationConfigEmbeddedWebApplicationContext@192d43ce: startup date [Thu Aug 16 15:49:03 CST 2018]; root of context hierarchy
2018-08-16 15:49:04.113  INFO 7749 --- [main] trationDelegate$BeanPostProcessorChecker : Bean 'org.springframework.kafka.annotation.KafkaBootstrapConfiguration' of type [org.springframework.kafka.annotation.KafkaBootstrapConfiguration$$EnhancerBySpringCGLIB$$a9058eff] is not eligible for getting processed by all BeanPostProcessors (for example: not eligible for auto-proxying)
2018-08-16 15:49:04.391  INFO 7749 --- [main] s.b.c.e.t.TomcatEmbeddedServletContainer : Tomcat initialized with port(s): 9527 (http)
2018-08-16 15:49:04.403  INFO 7749 --- [main] o.apache.catalina.core.StandardService   : Starting service Tomcat
2018-08-16 15:49:04.403  INFO 7749 --- [main] org.apache.catalina.core.StandardEngine  : Starting Servlet Engine: Apache Tomcat/8.5.14
2018-08-16 15:49:04.483  INFO 7749 --- [localhost-startStop-1] o.a.c.c.C.[Tomcat].[localhost].[/]       : Initializing Spring embedded WebApplicationContext
2018-08-16 15:49:04.483  INFO 7749 --- [localhost-startStop-1] o.s.web.context.ContextLoader            : Root WebApplicationContext: initialization completed in 1404 ms
2018-08-16 15:49:04.654  INFO 7749 --- [localhost-startStop-1] o.s.b.w.servlet.ServletRegistrationBean  : Mapping servlet: 'dispatcherServlet' to [/]
2018-08-16 15:49:04.660  INFO 7749 --- [localhost-startStop-1] o.s.b.w.servlet.FilterRegistrationBean   : Mapping filter: 'characterEncodingFilter' to: [/*]
2018-08-16 15:49:04.661  INFO 7749 --- [localhost-startStop-1] o.s.b.w.servlet.FilterRegistrationBean   : Mapping filter: 'hiddenHttpMethodFilter' to: [/*]
2018-08-16 15:49:04.661  INFO 7749 --- [localhost-startStop-1] o.s.b.w.servlet.FilterRegistrationBean   : Mapping filter: 'httpPutFormContentFilter' to: [/*]
2018-08-16 15:49:04.661  INFO 7749 --- [localhost-startStop-1] o.s.b.w.servlet.FilterRegistrationBean   : Mapping filter: 'requestContextFilter' to: [/*]
2018-08-16 15:49:05.226  INFO 7749 --- [main] j.LocalContainerEntityManagerFactoryBean : Building JPA container EntityManagerFactory for persistence unit 'default'
2018-08-16 15:49:05.240  INFO 7749 --- [main] o.hibernate.jpa.internal.util.LogHelper  : HHH000204: Processing PersistenceUnitInfo [
	name: default
	...]
2018-08-16 15:49:05.320  INFO 7749 --- [main] org.hibernate.Version                    : HHH000412: Hibernate Core {5.0.12.Final}
2018-08-16 15:49:05.321  INFO 7749 --- [main] org.hibernate.cfg.Environment            : HHH000206: hibernate.properties not found
2018-08-16 15:49:05.323  INFO 7749 --- [main] org.hibernate.cfg.Environment            : HHH000021: Bytecode provider name : javassist
2018-08-16 15:49:05.367  INFO 7749 --- [main] o.hibernate.annotations.common.Version   : HCANN000001: Hibernate Commons Annotations {5.0.1.Final}
2018-08-16 15:49:05.483  INFO 7749 --- [main] org.hibernate.dialect.Dialect            : HHH000400: Using dialect: org.hibernate.dialect.MySQL5Dialect
2018-08-16 15:49:05.990  INFO 7749 --- [main] j.LocalContainerEntityManagerFactoryBean : Initialized JPA EntityManagerFactory for persistence unit 'default'
2018-08-16 15:49:06.010  WARN 7749 --- [main] ationConfigEmbeddedWebApplicationContext : Exception encountered during context initialization - cancelling refresh attempt: org.springframework.beans.factory.BeanCreationException: Error creating bean with name 'merchantsApplication': Injection of resource dependencies failed; nested exception is org.springframework.beans.factory.NoSuchBeanDefinitionException: No qualifying bean of type 'com.sunda.merchants.security.AuthCheckInterceptor' available: expected at least 1 bean which qualifies as autowire candidate. Dependency annotations: {@javax.annotation.Resource(shareable=true, lookup=, name=, description=, authenticationType=CONTAINER, type=class java.lang.Object, mappedName=)}
2018-08-16 15:49:06.011  INFO 7749 --- [main] j.LocalContainerEntityManagerFactoryBean : Closing JPA EntityManagerFactory for persistence unit 'default'
2018-08-16 15:49:06.017  INFO 7749 --- [main] o.apache.catalina.core.StandardService   : Stopping service Tomcat
2018-08-16 15:49:06.029  INFO 7749 --- [main] utoConfigurationReportLoggingInitializer : 

Error starting ApplicationContext. To display the auto-configuration report re-run your application with 'debug' enabled.
2018-08-16 15:49:06.121 ERROR 7749 --- [main] o.s.b.d.LoggingFailureAnalysisReporter   : 

***************************
APPLICATION FAILED TO START
***************************

Description:

A component required a bean of type 'com.sunda.merchants.security.AuthCheckInterceptor' that could not be found.


Action:

Consider defining a bean of type 'com.sunda.merchants.security.AuthCheckInterceptor' in your configuration.

2018-08-16 15:53:11.085  INFO 7774 --- [main] c.sunda.merchants.MerchantsApplication   : Starting MerchantsApplication on sundadeMBP.local with PID 7774 (/Users/sunda/IdeaProjects/cardBag/merchants/target/classes started by sunda in /Users/sunda/IdeaProjects/cardBag/merchants)
2018-08-16 15:53:11.091  INFO 7774 --- [main] c.sunda.merchants.MerchantsApplication   : No active profile set, falling back to default profiles: default
2018-08-16 15:53:11.134  INFO 7774 --- [main] ationConfigEmbeddedWebApplicationContext : Refreshing org.springframework.boot.context.embedded.AnnotationConfigEmbeddedWebApplicationContext@192d43ce: startup date [Thu Aug 16 15:53:11 CST 2018]; root of context hierarchy
2018-08-16 15:53:12.118  INFO 7774 --- [main] trationDelegate$BeanPostProcessorChecker : Bean 'org.springframework.kafka.annotation.KafkaBootstrapConfiguration' of type [org.springframework.kafka.annotation.KafkaBootstrapConfiguration$$EnhancerBySpringCGLIB$$dad08c3a] is not eligible for getting processed by all BeanPostProcessors (for example: not eligible for auto-proxying)
2018-08-16 15:53:12.409  INFO 7774 --- [main] s.b.c.e.t.TomcatEmbeddedServletContainer : Tomcat initialized with port(s): 9527 (http)
2018-08-16 15:53:12.420  INFO 7774 --- [main] o.apache.catalina.core.StandardService   : Starting service Tomcat
2018-08-16 15:53:12.421  INFO 7774 --- [main] org.apache.catalina.core.StandardEngine  : Starting Servlet Engine: Apache Tomcat/8.5.14
2018-08-16 15:53:12.523  INFO 7774 --- [localhost-startStop-1] o.a.c.c.C.[Tomcat].[localhost].[/]       : Initializing Spring embedded WebApplicationContext
2018-08-16 15:53:12.523  INFO 7774 --- [localhost-startStop-1] o.s.web.context.ContextLoader            : Root WebApplicationContext: initialization completed in 1392 ms
2018-08-16 15:53:12.687  INFO 7774 --- [localhost-startStop-1] o.s.b.w.servlet.ServletRegistrationBean  : Mapping servlet: 'dispatcherServlet' to [/]
2018-08-16 15:53:12.694  INFO 7774 --- [localhost-startStop-1] o.s.b.w.servlet.FilterRegistrationBean   : Mapping filter: 'characterEncodingFilter' to: [/*]
2018-08-16 15:53:12.694  INFO 7774 --- [localhost-startStop-1] o.s.b.w.servlet.FilterRegistrationBean   : Mapping filter: 'hiddenHttpMethodFilter' to: [/*]
2018-08-16 15:53:12.694  INFO 7774 --- [localhost-startStop-1] o.s.b.w.servlet.FilterRegistrationBean   : Mapping filter: 'httpPutFormContentFilter' to: [/*]
2018-08-16 15:53:12.694  INFO 7774 --- [localhost-startStop-1] o.s.b.w.servlet.FilterRegistrationBean   : Mapping filter: 'requestContextFilter' to: [/*]
2018-08-16 15:53:13.250  INFO 7774 --- [main] j.LocalContainerEntityManagerFactoryBean : Building JPA container EntityManagerFactory for persistence unit 'default'
2018-08-16 15:53:13.269  INFO 7774 --- [main] o.hibernate.jpa.internal.util.LogHelper  : HHH000204: Processing PersistenceUnitInfo [
	name: default
	...]
2018-08-16 15:53:13.404  INFO 7774 --- [main] org.hibernate.Version                    : HHH000412: Hibernate Core {5.0.12.Final}
2018-08-16 15:53:13.406  INFO 7774 --- [main] org.hibernate.cfg.Environment            : HHH000206: hibernate.properties not found
2018-08-16 15:53:13.407  INFO 7774 --- [main] org.hibernate.cfg.Environment            : HHH000021: Bytecode provider name : javassist
2018-08-16 15:53:13.451  INFO 7774 --- [main] o.hibernate.annotations.common.Version   : HCANN000001: Hibernate Commons Annotations {5.0.1.Final}
2018-08-16 15:53:13.637  INFO 7774 --- [main] org.hibernate.dialect.Dialect            : HHH000400: Using dialect: org.hibernate.dialect.MySQL5Dialect
2018-08-16 15:53:14.193  INFO 7774 --- [main] j.LocalContainerEntityManagerFactoryBean : Initialized JPA EntityManagerFactory for persistence unit 'default'
2018-08-16 15:53:14.744  INFO 7774 --- [main] s.w.s.m.m.a.RequestMappingHandlerAdapter : Looking for @ControllerAdvice: org.springframework.boot.context.embedded.AnnotationConfigEmbeddedWebApplicationContext@192d43ce: startup date [Thu Aug 16 15:53:11 CST 2018]; root of context hierarchy
2018-08-16 15:53:14.802  INFO 7774 --- [main] s.w.s.m.m.a.RequestMappingHandlerMapping : Mapped "{[/merchants/create],methods=[POST]}" onto public com.sunda.merchants.vo.Response com.sunda.merchants.controller.MerchantController.createMerchants(com.sunda.merchants.vo.CreateMerchantsRequest)
2018-08-16 15:53:14.803  INFO 7774 --- [main] s.w.s.m.m.a.RequestMappingHandlerMapping : Mapped "{[/merchants/{id}],methods=[GET]}" onto public com.sunda.merchants.vo.Response com.sunda.merchants.controller.MerchantController.buildMerchantsInfo(java.lang.Integer)
2018-08-16 15:53:14.803  INFO 7774 --- [main] s.w.s.m.m.a.RequestMappingHandlerMapping : Mapped "{[/merchants/drop],methods=[POST]}" onto public com.sunda.merchants.vo.Response com.sunda.merchants.controller.MerchantController.dropPassTemplate(com.sunda.merchants.vo.PassTemplate)
2018-08-16 15:53:14.805  INFO 7774 --- [main] s.w.s.m.m.a.RequestMappingHandlerMapping : Mapped "{[/error]}" onto public org.springframework.http.ResponseEntity<java.util.Map<java.lang.String, java.lang.Object>> org.springframework.boot.autoconfigure.web.BasicErrorController.error(javax.servlet.http.HttpServletRequest)
2018-08-16 15:53:14.806  INFO 7774 --- [main] s.w.s.m.m.a.RequestMappingHandlerMapping : Mapped "{[/error],produces=[text/html]}" onto public org.springframework.web.servlet.ModelAndView org.springframework.boot.autoconfigure.web.BasicErrorController.errorHtml(javax.servlet.http.HttpServletRequest,javax.servlet.http.HttpServletResponse)
2018-08-16 15:53:14.834  INFO 7774 --- [main] o.s.w.s.handler.SimpleUrlHandlerMapping  : Mapped URL path [/webjars/**] onto handler of type [class org.springframework.web.servlet.resource.ResourceHttpRequestHandler]
2018-08-16 15:53:14.834  INFO 7774 --- [main] o.s.w.s.handler.SimpleUrlHandlerMapping  : Mapped URL path [/**] onto handler of type [class org.springframework.web.servlet.resource.ResourceHttpRequestHandler]
2018-08-16 15:53:14.870  INFO 7774 --- [main] o.s.w.s.handler.SimpleUrlHandlerMapping  : Mapped URL path [/**/favicon.ico] onto handler of type [class org.springframework.web.servlet.resource.ResourceHttpRequestHandler]
2018-08-16 15:53:15.237  INFO 7774 --- [main] o.s.j.e.a.AnnotationMBeanExporter        : Registering beans for JMX exposure on startup
2018-08-16 15:53:15.246  INFO 7774 --- [main] o.s.c.support.DefaultLifecycleProcessor  : Starting beans in phase 2147483647
2018-08-16 15:53:15.304  INFO 7774 --- [main] s.b.c.e.t.TomcatEmbeddedServletContainer : Tomcat started on port(s): 9527 (http)
2018-08-16 15:53:15.309  INFO 7774 --- [main] c.sunda.merchants.MerchantsApplication   : Started MerchantsApplication in 14.535 seconds (JVM running for 25.45)
2018-08-16 15:54:17.529  INFO 7774 --- [http-nio-9527-exec-1] o.a.c.c.C.[Tomcat].[localhost].[/]       : Initializing Spring FrameworkServlet 'dispatcherServlet'
2018-08-16 15:54:17.530  INFO 7774 --- [http-nio-9527-exec-1] o.s.web.servlet.DispatcherServlet        : FrameworkServlet 'dispatcherServlet': initialization started
2018-08-16 15:54:17.549  INFO 7774 --- [http-nio-9527-exec-1] o.s.web.servlet.DispatcherServlet        : FrameworkServlet 'dispatcherServlet': initialization completed in 19 ms
2018-08-16 15:54:17.581 ERROR 7774 --- [http-nio-9527-exec-1] o.a.c.c.C.[.[.[/].[dispatcherServlet]    : Servlet.service() for servlet [dispatcherServlet] in context with path [] threw exception [Request processing failed; nested exception is java.lang.Exception: Header  token!] with root cause

java.lang.Exception: Header  token!
	at com.sunda.merchants.security.AuthCheckInterceptor.preHandle(AuthCheckInterceptor.java:24) ~[classes/:na]
	at org.springframework.web.servlet.HandlerExecutionChain.applyPreHandle(HandlerExecutionChain.java:134) ~[spring-webmvc-4.3.8.RELEASE.jar:4.3.8.RELEASE]
	at org.springframework.web.servlet.DispatcherServlet.doDispatch(DispatcherServlet.java:958) ~[spring-webmvc-4.3.8.RELEASE.jar:4.3.8.RELEASE]
	at org.springframework.web.servlet.DispatcherServlet.doService(DispatcherServlet.java:897) ~[spring-webmvc-4.3.8.RELEASE.jar:4.3.8.RELEASE]
	at org.springframework.web.servlet.FrameworkServlet.processRequest(FrameworkServlet.java:970) ~[spring-webmvc-4.3.8.RELEASE.jar:4.3.8.RELEASE]
	at org.springframework.web.servlet.FrameworkServlet.doGet(FrameworkServlet.java:861) ~[spring-webmvc-4.3.8.RELEASE.jar:4.3.8.RELEASE]
	at javax.servlet.http.HttpServlet.service(HttpServlet.java:635) ~[tomcat-embed-core-8.5.14.jar:8.5.14]
	at org.springframework.web.servlet.FrameworkServlet.service(FrameworkServlet.java:846) ~[spring-webmvc-4.3.8.RELEASE.jar:4.3.8.RELEASE]
	at javax.servlet.http.HttpServlet.service(HttpServlet.java:742) ~[tomcat-embed-core-8.5.14.jar:8.5.14]
	at org.apache.catalina.core.ApplicationFilterChain.internalDoFilter(ApplicationFilterChain.java:231) ~[tomcat-embed-core-8.5.14.jar:8.5.14]
	at org.apache.catalina.core.ApplicationFilterChain.doFilter(ApplicationFilterChain.java:166) ~[tomcat-embed-core-8.5.14.jar:8.5.14]
	at org.apache.tomcat.websocket.server.WsFilter.doFilter(WsFilter.java:52) ~[tomcat-embed-websocket-8.5.14.jar:8.5.14]
	at org.apache.catalina.core.ApplicationFilterChain.internalDoFilter(ApplicationFilterChain.java:193) ~[tomcat-embed-core-8.5.14.jar:8.5.14]
	at org.apache.catalina.core.ApplicationFilterChain.doFilter(ApplicationFilterChain.java:166) ~[tomcat-embed-core-8.5.14.jar:8.5.14]
	at org.springframework.web.filter.RequestContextFilter.doFilterInternal(RequestContextFilter.java:99) ~[spring-web-4.3.8.RELEASE.jar:4.3.8.RELEASE]
	at org.springframework.web.filter.OncePerRequestFilter.doFilter(OncePerRequestFilter.java:107) ~[spring-web-4.3.8.RELEASE.jar:4.3.8.RELEASE]
	at org.apache.catalina.core.ApplicationFilterChain.internalDoFilter(ApplicationFilterChain.java:193) ~[tomcat-embed-core-8.5.14.jar:8.5.14]
	at org.apache.catalina.core.ApplicationFilterChain.doFilter(ApplicationFilterChain.java:166) ~[tomcat-embed-core-8.5.14.jar:8.5.14]
	at org.springframework.web.filter.HttpPutFormContentFilter.doFilterInternal(HttpPutFormContentFilter.java:105) ~[spring-web-4.3.8.RELEASE.jar:4.3.8.RELEASE]
	at org.springframework.web.filter.OncePerRequestFilter.doFilter(OncePerRequestFilter.java:107) ~[spring-web-4.3.8.RELEASE.jar:4.3.8.RELEASE]
	at org.apache.catalina.core.ApplicationFilterChain.internalDoFilter(ApplicationFilterChain.java:193) ~[tomcat-embed-core-8.5.14.jar:8.5.14]
	at org.apache.catalina.core.ApplicationFilterChain.doFilter(ApplicationFilterChain.java:166) ~[tomcat-embed-core-8.5.14.jar:8.5.14]
	at org.springframework.web.filter.HiddenHttpMethodFilter.doFilterInternal(HiddenHttpMethodFilter.java:81) ~[spring-web-4.3.8.RELEASE.jar:4.3.8.RELEASE]
	at org.springframework.web.filter.OncePerRequestFilter.doFilter(OncePerRequestFilter.java:107) ~[spring-web-4.3.8.RELEASE.jar:4.3.8.RELEASE]
	at org.apache.catalina.core.ApplicationFilterChain.internalDoFilter(ApplicationFilterChain.java:193) ~[tomcat-embed-core-8.5.14.jar:8.5.14]
	at org.apache.catalina.core.ApplicationFilterChain.doFilter(ApplicationFilterChain.java:166) ~[tomcat-embed-core-8.5.14.jar:8.5.14]
	at org.springframework.web.filter.CharacterEncodingFilter.doFilterInternal(CharacterEncodingFilter.java:197) ~[spring-web-4.3.8.RELEASE.jar:4.3.8.RELEASE]
	at org.springframework.web.filter.OncePerRequestFilter.doFilter(OncePerRequestFilter.java:107) ~[spring-web-4.3.8.RELEASE.jar:4.3.8.RELEASE]
	at org.apache.catalina.core.ApplicationFilterChain.internalDoFilter(ApplicationFilterChain.java:193) ~[tomcat-embed-core-8.5.14.jar:8.5.14]
	at org.apache.catalina.core.ApplicationFilterChain.doFilter(ApplicationFilterChain.java:166) ~[tomcat-embed-core-8.5.14.jar:8.5.14]
	at org.apache.catalina.core.StandardWrapperValve.invoke(StandardWrapperValve.java:198) ~[tomcat-embed-core-8.5.14.jar:8.5.14]
	at org.apache.catalina.core.StandardContextValve.invoke(StandardContextValve.java:96) [tomcat-embed-core-8.5.14.jar:8.5.14]
	at org.apache.catalina.authenticator.AuthenticatorBase.invoke(AuthenticatorBase.java:478) [tomcat-embed-core-8.5.14.jar:8.5.14]
	at org.apache.catalina.core.StandardHostValve.invoke(StandardHostValve.java:140) [tomcat-embed-core-8.5.14.jar:8.5.14]
	at org.apache.catalina.valves.ErrorReportValve.invoke(ErrorReportValve.java:80) [tomcat-embed-core-8.5.14.jar:8.5.14]
	at org.apache.catalina.core.StandardEngineValve.invoke(StandardEngineValve.java:87) [tomcat-embed-core-8.5.14.jar:8.5.14]
	at org.apache.catalina.connector.CoyoteAdapter.service(CoyoteAdapter.java:342) [tomcat-embed-core-8.5.14.jar:8.5.14]
	at org.apache.coyote.http11.Http11Processor.service(Http11Processor.java:799) [tomcat-embed-core-8.5.14.jar:8.5.14]
	at org.apache.coyote.AbstractProcessorLight.process(AbstractProcessorLight.java:66) [tomcat-embed-core-8.5.14.jar:8.5.14]
	at org.apache.coyote.AbstractProtocol$ConnectionHandler.process(AbstractProtocol.java:861) [tomcat-embed-core-8.5.14.jar:8.5.14]
	at org.apache.tomcat.util.net.NioEndpoint$SocketProcessor.doRun(NioEndpoint.java:1455) [tomcat-embed-core-8.5.14.jar:8.5.14]
	at org.apache.tomcat.util.net.SocketProcessorBase.run(SocketProcessorBase.java:49) [tomcat-embed-core-8.5.14.jar:8.5.14]
	at java.util.concurrent.ThreadPoolExecutor.runWorker(ThreadPoolExecutor.java:1149) [na:1.8.0_181]
	at java.util.concurrent.ThreadPoolExecutor$Worker.run(ThreadPoolExecutor.java:624) [na:1.8.0_181]
	at org.apache.tomcat.util.threads.TaskThread$WrappingRunnable.run(TaskThread.java:61) [tomcat-embed-core-8.5.14.jar:8.5.14]
	at java.lang.Thread.run(Thread.java:748) [na:1.8.0_181]

2018-08-16 15:55:15.398  INFO 7774 --- [http-nio-9527-exec-2] c.s.m.controller.MerchantController      : BuildMerchantsInfo: 17
2018-08-16 15:55:15.421  INFO 7774 --- [http-nio-9527-exec-2] o.h.h.i.QueryTranslatorFactoryInitiator  : HHH000397: Using ASTQueryTranslatorFactory
2018-08-16 15:58:44.515  INFO 7774 --- [http-nio-9527-exec-4] c.s.m.controller.MerchantController      : CreateMerchants: {"address":"beijing","businessLicenseUrl":"www.baidu.com","name":"zhangsan","phone":"1235533"}
2018-08-16 15:59:14.710  INFO 7774 --- [http-nio-9527-exec-5] c.s.m.controller.MerchantController      : CreateMerchants: {"address":"beijing","businessLicenseUrl":"www.baidu.com","logoUrl":"www.baidu.com","name":"zhangsan","phone":"1235533"}
2018-08-16 16:00:53.613  INFO 7814 --- [main] c.s.m.s.impl.MerchantsServiceImplTest    : Starting MerchantsServiceImplTest on sundadeMBP.local with PID 7814 (started by sunda in /Users/sunda/IdeaProjects/cardBag/merchants)
2018-08-16 16:00:53.615  INFO 7814 --- [main] c.s.m.s.impl.MerchantsServiceImplTest    : No active profile set, falling back to default profiles: default
2018-08-16 16:00:53.651  INFO 7814 --- [main] o.s.w.c.s.GenericWebApplicationContext   : Refreshing org.springframework.web.context.support.GenericWebApplicationContext@f78a47e: startup date [Thu Aug 16 16:00:53 CST 2018]; root of context hierarchy
2018-08-16 16:00:55.627  INFO 7814 --- [main] trationDelegate$BeanPostProcessorChecker : Bean 'org.springframework.kafka.annotation.KafkaBootstrapConfiguration' of type [org.springframework.kafka.annotation.KafkaBootstrapConfiguration$$EnhancerBySpringCGLIB$$f152cdb4] is not eligible for getting processed by all BeanPostProcessors (for example: not eligible for auto-proxying)
2018-08-16 16:00:57.107  INFO 7814 --- [main] j.LocalContainerEntityManagerFactoryBean : Building JPA container EntityManagerFactory for persistence unit 'default'
2018-08-16 16:00:57.124  INFO 7814 --- [main] o.hibernate.jpa.internal.util.LogHelper  : HHH000204: Processing PersistenceUnitInfo [
	name: default
	...]
2018-08-16 16:00:57.267  INFO 7814 --- [main] org.hibernate.Version                    : HHH000412: Hibernate Core {5.0.12.Final}
2018-08-16 16:00:57.272  INFO 7814 --- [main] org.hibernate.cfg.Environment            : HHH000206: hibernate.properties not found
2018-08-16 16:00:57.282  INFO 7814 --- [main] org.hibernate.cfg.Environment            : HHH000021: Bytecode provider name : javassist
2018-08-16 16:00:57.360  INFO 7814 --- [main] o.hibernate.annotations.common.Version   : HCANN000001: Hibernate Commons Annotations {5.0.1.Final}
2018-08-16 16:00:57.573  INFO 7814 --- [main] org.hibernate.dialect.Dialect            : HHH000400: Using dialect: org.hibernate.dialect.MySQL5Dialect
2018-08-16 16:00:58.295  INFO 7814 --- [main] j.LocalContainerEntityManagerFactoryBean : Initialized JPA EntityManagerFactory for persistence unit 'default'
2018-08-16 16:00:59.915  INFO 7814 --- [main] s.w.s.m.m.a.RequestMappingHandlerAdapter : Looking for @ControllerAdvice: org.springframework.web.context.support.GenericWebApplicationContext@f78a47e: startup date [Thu Aug 16 16:00:53 CST 2018]; root of context hierarchy
2018-08-16 16:01:00.065  INFO 7814 --- [main] s.w.s.m.m.a.RequestMappingHandlerMapping : Mapped "{[/merchants/{id}],methods=[GET]}" onto public com.sunda.merchants.vo.Response com.sunda.merchants.controller.MerchantController.buildMerchantsInfo(java.lang.Integer)
2018-08-16 16:01:00.067  INFO 7814 --- [main] s.w.s.m.m.a.RequestMappingHandlerMapping : Mapped "{[/merchants/create],methods=[POST]}" onto public com.sunda.merchants.vo.Response com.sunda.merchants.controller.MerchantController.createMerchants(com.sunda.merchants.vo.CreateMerchantsRequest)
2018-08-16 16:01:00.069  INFO 7814 --- [main] s.w.s.m.m.a.RequestMappingHandlerMapping : Mapped "{[/merchants/drop],methods=[POST]}" onto public com.sunda.merchants.vo.Response com.sunda.merchants.controller.MerchantController.dropPassTemplate(com.sunda.merchants.vo.PassTemplate)
2018-08-16 16:01:00.073  INFO 7814 --- [main] s.w.s.m.m.a.RequestMappingHandlerMapping : Mapped "{[/error]}" onto public org.springframework.http.ResponseEntity<java.util.Map<java.lang.String, java.lang.Object>> org.springframework.boot.autoconfigure.web.BasicErrorController.error(javax.servlet.http.HttpServletRequest)
2018-08-16 16:01:00.073  INFO 7814 --- [main] s.w.s.m.m.a.RequestMappingHandlerMapping : Mapped "{[/error],produces=[text/html]}" onto public org.springframework.web.servlet.ModelAndView org.springframework.boot.autoconfigure.web.BasicErrorController.errorHtml(javax.servlet.http.HttpServletRequest,javax.servlet.http.HttpServletResponse)
2018-08-16 16:01:00.148  INFO 7814 --- [main] o.s.w.s.handler.SimpleUrlHandlerMapping  : Mapped URL path [/webjars/**] onto handler of type [class org.springframework.web.servlet.resource.ResourceHttpRequestHandler]
2018-08-16 16:01:00.150  INFO 7814 --- [main] o.s.w.s.handler.SimpleUrlHandlerMapping  : Mapped URL path [/**] onto handler of type [class org.springframework.web.servlet.resource.ResourceHttpRequestHandler]
2018-08-16 16:01:00.287  INFO 7814 --- [main] o.s.w.s.handler.SimpleUrlHandlerMapping  : Mapped URL path [/**/favicon.ico] onto handler of type [class org.springframework.web.servlet.resource.ResourceHttpRequestHandler]
2018-08-16 16:01:00.687  INFO 7814 --- [main] o.s.c.support.DefaultLifecycleProcessor  : Starting beans in phase 2147483647
2018-08-16 16:01:00.705  INFO 7814 --- [main] c.s.m.s.impl.MerchantsServiceImplTest    : Started MerchantsServiceImplTest in 18.127 seconds (JVM running for 20.043)
2018-08-16 16:01:00.884  INFO 7814 --- [main] o.h.h.i.QueryTranslatorFactoryInitiator  : HHH000397: Using ASTQueryTranslatorFactory
2018-08-16 16:01:01.331  INFO 7814 --- [Thread-3] o.s.w.c.s.GenericWebApplicationContext   : Closing org.springframework.web.context.support.GenericWebApplicationContext@f78a47e: startup date [Thu Aug 16 16:00:53 CST 2018]; root of context hierarchy
2018-08-16 16:01:01.335  INFO 7814 --- [Thread-3] o.s.c.support.DefaultLifecycleProcessor  : Stopping beans in phase 2147483647
2018-08-16 16:01:01.336  INFO 7814 --- [Thread-3] o.s.c.support.DefaultLifecycleProcessor  : Stopping beans in phase 0
2018-08-16 16:01:01.337  INFO 7814 --- [Thread-3] j.LocalContainerEntityManagerFactoryBean : Closing JPA EntityManagerFactory for persistence unit 'default'
2018-08-16 16:01:45.432  INFO 7821 --- [main] c.s.m.s.impl.MerchantsServiceImplTest    : Starting MerchantsServiceImplTest on sundadeMBP.local with PID 7821 (started by sunda in /Users/sunda/IdeaProjects/cardBag/merchants)
2018-08-16 16:01:45.434  INFO 7821 --- [main] c.s.m.s.impl.MerchantsServiceImplTest    : No active profile set, falling back to default profiles: default
2018-08-16 16:01:45.469  INFO 7821 --- [main] o.s.w.c.s.GenericWebApplicationContext   : Refreshing org.springframework.web.context.support.GenericWebApplicationContext@f78a47e: startup date [Thu Aug 16 16:01:45 CST 2018]; root of context hierarchy
2018-08-16 16:01:47.276  INFO 7821 --- [main] trationDelegate$BeanPostProcessorChecker : Bean 'org.springframework.kafka.annotation.KafkaBootstrapConfiguration' of type [org.springframework.kafka.annotation.KafkaBootstrapConfiguration$$EnhancerBySpringCGLIB$$df62a271] is not eligible for getting processed by all BeanPostProcessors (for example: not eligible for auto-proxying)
2018-08-16 16:01:48.464  INFO 7821 --- [main] j.LocalContainerEntityManagerFactoryBean : Building JPA container EntityManagerFactory for persistence unit 'default'
2018-08-16 16:01:48.483  INFO 7821 --- [main] o.hibernate.jpa.internal.util.LogHelper  : HHH000204: Processing PersistenceUnitInfo [
	name: default
	...]
2018-08-16 16:01:48.655  INFO 7821 --- [main] org.hibernate.Version                    : HHH000412: Hibernate Core {5.0.12.Final}
2018-08-16 16:01:48.656  INFO 7821 --- [main] org.hibernate.cfg.Environment            : HHH000206: hibernate.properties not found
2018-08-16 16:01:48.658  INFO 7821 --- [main] org.hibernate.cfg.Environment            : HHH000021: Bytecode provider name : javassist
2018-08-16 16:01:48.696  INFO 7821 --- [main] o.hibernate.annotations.common.Version   : HCANN000001: Hibernate Commons Annotations {5.0.1.Final}
2018-08-16 16:01:48.800  INFO 7821 --- [main] org.hibernate.dialect.Dialect            : HHH000400: Using dialect: org.hibernate.dialect.MySQL5Dialect
2018-08-16 16:01:49.534  INFO 7821 --- [main] j.LocalContainerEntityManagerFactoryBean : Initialized JPA EntityManagerFactory for persistence unit 'default'
2018-08-16 16:01:51.050  INFO 7821 --- [main] s.w.s.m.m.a.RequestMappingHandlerAdapter : Looking for @ControllerAdvice: org.springframework.web.context.support.GenericWebApplicationContext@f78a47e: startup date [Thu Aug 16 16:01:45 CST 2018]; root of context hierarchy
2018-08-16 16:01:51.189  INFO 7821 --- [main] s.w.s.m.m.a.RequestMappingHandlerMapping : Mapped "{[/merchants/create],methods=[POST]}" onto public com.sunda.merchants.vo.Response com.sunda.merchants.controller.MerchantController.createMerchants(com.sunda.merchants.vo.CreateMerchantsRequest)
2018-08-16 16:01:51.190  INFO 7821 --- [main] s.w.s.m.m.a.RequestMappingHandlerMapping : Mapped "{[/merchants/drop],methods=[POST]}" onto public com.sunda.merchants.vo.Response com.sunda.merchants.controller.MerchantController.dropPassTemplate(com.sunda.merchants.vo.PassTemplate)
2018-08-16 16:01:51.191  INFO 7821 --- [main] s.w.s.m.m.a.RequestMappingHandlerMapping : Mapped "{[/merchants/{id}],methods=[GET]}" onto public com.sunda.merchants.vo.Response com.sunda.merchants.controller.MerchantController.buildMerchantsInfo(java.lang.Integer)
2018-08-16 16:01:51.195  INFO 7821 --- [main] s.w.s.m.m.a.RequestMappingHandlerMapping : Mapped "{[/error]}" onto public org.springframework.http.ResponseEntity<java.util.Map<java.lang.String, java.lang.Object>> org.springframework.boot.autoconfigure.web.BasicErrorController.error(javax.servlet.http.HttpServletRequest)
2018-08-16 16:01:51.199  INFO 7821 --- [main] s.w.s.m.m.a.RequestMappingHandlerMapping : Mapped "{[/error],produces=[text/html]}" onto public org.springframework.web.servlet.ModelAndView org.springframework.boot.autoconfigure.web.BasicErrorController.errorHtml(javax.servlet.http.HttpServletRequest,javax.servlet.http.HttpServletResponse)
2018-08-16 16:01:51.269  INFO 7821 --- [main] o.s.w.s.handler.SimpleUrlHandlerMapping  : Mapped URL path [/webjars/**] onto handler of type [class org.springframework.web.servlet.resource.ResourceHttpRequestHandler]
2018-08-16 16:01:51.270  INFO 7821 --- [main] o.s.w.s.handler.SimpleUrlHandlerMapping  : Mapped URL path [/**] onto handler of type [class org.springframework.web.servlet.resource.ResourceHttpRequestHandler]
2018-08-16 16:01:51.378  INFO 7821 --- [main] o.s.w.s.handler.SimpleUrlHandlerMapping  : Mapped URL path [/**/favicon.ico] onto handler of type [class org.springframework.web.servlet.resource.ResourceHttpRequestHandler]
2018-08-16 16:01:51.795  INFO 7821 --- [main] o.s.c.support.DefaultLifecycleProcessor  : Starting beans in phase 2147483647
2018-08-16 16:01:51.810  INFO 7821 --- [main] c.s.m.s.impl.MerchantsServiceImplTest    : Started MerchantsServiceImplTest in 17.192 seconds (JVM running for 18.832)
2018-08-16 16:01:51.937  INFO 7821 --- [main] o.h.h.i.QueryTranslatorFactoryInitiator  : HHH000397: Using ASTQueryTranslatorFactory
2018-08-16 16:01:52.308  INFO 7821 --- [main] o.a.k.clients.producer.ProducerConfig    : ProducerConfig values: 
	metric.reporters = []
	metadata.max.age.ms = 300000
	reconnect.backoff.ms = 50
	sasl.kerberos.ticket.renew.window.factor = 0.8
	bootstrap.servers = [192.168.31.69:9092]
	ssl.keystore.type = JKS
	sasl.mechanism = GSSAPI
	max.block.ms = 60000
	interceptor.classes = null
	ssl.truststore.password = null
	client.id = 
	ssl.endpoint.identification.algorithm = null
	request.timeout.ms = 30000
	acks = 1
	receive.buffer.bytes = 32768
	ssl.truststore.type = JKS
	retries = 0
	ssl.truststore.location = null
	ssl.keystore.password = null
	send.buffer.bytes = 131072
	compression.type = none
	metadata.fetch.timeout.ms = 60000
	retry.backoff.ms = 100
	sasl.kerberos.kinit.cmd = /usr/bin/kinit
	buffer.memory = 33554432
	timeout.ms = 30000
	key.serializer = class org.apache.kafka.common.serialization.StringSerializer
	sasl.kerberos.service.name = null
	sasl.kerberos.ticket.renew.jitter = 0.05
	ssl.trustmanager.algorithm = PKIX
	block.on.buffer.full = false
	ssl.key.password = null
	sasl.kerberos.min.time.before.relogin = 60000
	connections.max.idle.ms = 540000
	max.in.flight.requests.per.connection = 5
	metrics.num.samples = 2
	ssl.protocol = TLS
	ssl.provider = null
	ssl.enabled.protocols = [TLSv1.2, TLSv1.1, TLSv1]
	batch.size = 16384
	ssl.keystore.location = null
	ssl.cipher.suites = null
	security.protocol = PLAINTEXT
	max.request.size = 1048576
	value.serializer = class org.apache.kafka.common.serialization.StringSerializer
	ssl.keymanager.algorithm = SunX509
	metrics.sample.window.ms = 30000
	partitioner.class = class org.apache.kafka.clients.producer.internals.DefaultPartitioner
	linger.ms = 0

2018-08-16 16:01:52.387  INFO 7821 --- [main] o.a.k.clients.producer.ProducerConfig    : ProducerConfig values: 
	metric.reporters = []
	metadata.max.age.ms = 300000
	reconnect.backoff.ms = 50
	sasl.kerberos.ticket.renew.window.factor = 0.8
	bootstrap.servers = [192.168.31.69:9092]
	ssl.keystore.type = JKS
	sasl.mechanism = GSSAPI
	max.block.ms = 60000
	interceptor.classes = null
	ssl.truststore.password = null
	client.id = producer-1
	ssl.endpoint.identification.algorithm = null
	request.timeout.ms = 30000
	acks = 1
	receive.buffer.bytes = 32768
	ssl.truststore.type = JKS
	retries = 0
	ssl.truststore.location = null
	ssl.keystore.password = null
	send.buffer.bytes = 131072
	compression.type = none
	metadata.fetch.timeout.ms = 60000
	retry.backoff.ms = 100
	sasl.kerberos.kinit.cmd = /usr/bin/kinit
	buffer.memory = 33554432
	timeout.ms = 30000
	key.serializer = class org.apache.kafka.common.serialization.StringSerializer
	sasl.kerberos.service.name = null
	sasl.kerberos.ticket.renew.jitter = 0.05
	ssl.trustmanager.algorithm = PKIX
	block.on.buffer.full = false
	ssl.key.password = null
	sasl.kerberos.min.time.before.relogin = 60000
	connections.max.idle.ms = 540000
	max.in.flight.requests.per.connection = 5
	metrics.num.samples = 2
	ssl.protocol = TLS
	ssl.provider = null
	ssl.enabled.protocols = [TLSv1.2, TLSv1.1, TLSv1]
	batch.size = 16384
	ssl.keystore.location = null
	ssl.cipher.suites = null
	security.protocol = PLAINTEXT
	max.request.size = 1048576
	value.serializer = class org.apache.kafka.common.serialization.StringSerializer
	ssl.keymanager.algorithm = SunX509
	metrics.sample.window.ms = 30000
	partitioner.class = class org.apache.kafka.clients.producer.internals.DefaultPartitioner
	linger.ms = 0

2018-08-16 16:01:52.399  INFO 7821 --- [main] o.a.kafka.common.utils.AppInfoParser     : Kafka version : 0.10.0.1
2018-08-16 16:01:52.399  INFO 7821 --- [main] o.a.kafka.common.utils.AppInfoParser     : Kafka commitId : a7a17cdec9eaa6c5
2018-08-16 16:01:52.581  INFO 7821 --- [main] c.s.m.service.impl.MerchantsServiceImpl  : DropPassTemplates: {"background":2,"desc":"laotizi1","end":1535270511907,"hasToken":false,"id":18,"limit":100002,"start":1533542511905,"summary":"laotizai","title":"laotizia"}
2018-08-16 16:01:52.607  INFO 7821 --- [Thread-3] o.s.w.c.s.GenericWebApplicationContext   : Closing org.springframework.web.context.support.GenericWebApplicationContext@f78a47e: startup date [Thu Aug 16 16:01:45 CST 2018]; root of context hierarchy
2018-08-16 16:01:52.615  INFO 7821 --- [Thread-3] o.s.c.support.DefaultLifecycleProcessor  : Stopping beans in phase 2147483647
2018-08-16 16:01:52.616  INFO 7821 --- [Thread-3] o.s.c.support.DefaultLifecycleProcessor  : Stopping beans in phase 0
2018-08-16 16:01:52.619  INFO 7821 --- [Thread-3] o.a.k.clients.producer.KafkaProducer     : Closing the Kafka producer with timeoutMillis = 9223372036854775807 ms.
2018-08-16 16:01:52.640  INFO 7821 --- [Thread-3] j.LocalContainerEntityManagerFactoryBean : Closing JPA EntityManagerFactory for persistence unit 'default'
2018-08-16 16:03:24.903  INFO 7774 --- [http-nio-9527-exec-7] c.s.m.controller.MerchantController      : DropPassTemplate: PassTemplate(id=18, title=laotizia, summary=laotizai, desc=laotizi123, limit=100002, hasToken=false, background=2, start=Mon Aug 06 16:01:51 CST 2018, end=Sun Aug 26 16:01:51 CST 2018)
2018-08-16 16:03:24.944  INFO 7774 --- [http-nio-9527-exec-7] o.a.k.clients.producer.ProducerConfig    : ProducerConfig values: 
	metric.reporters = []
	metadata.max.age.ms = 300000
	reconnect.backoff.ms = 50
	sasl.kerberos.ticket.renew.window.factor = 0.8
	bootstrap.servers = [192.168.31.69:9092]
	ssl.keystore.type = JKS
	sasl.mechanism = GSSAPI
	max.block.ms = 60000
	interceptor.classes = null
	ssl.truststore.password = null
	client.id = 
	ssl.endpoint.identification.algorithm = null
	request.timeout.ms = 30000
	acks = 1
	receive.buffer.bytes = 32768
	ssl.truststore.type = JKS
	retries = 0
	ssl.truststore.location = null
	ssl.keystore.password = null
	send.buffer.bytes = 131072
	compression.type = none
	metadata.fetch.timeout.ms = 60000
	retry.backoff.ms = 100
	sasl.kerberos.kinit.cmd = /usr/bin/kinit
	buffer.memory = 33554432
	timeout.ms = 30000
	key.serializer = class org.apache.kafka.common.serialization.StringSerializer
	sasl.kerberos.service.name = null
	sasl.kerberos.ticket.renew.jitter = 0.05
	ssl.trustmanager.algorithm = PKIX
	block.on.buffer.full = false
	ssl.key.password = null
	sasl.kerberos.min.time.before.relogin = 60000
	connections.max.idle.ms = 540000
	max.in.flight.requests.per.connection = 5
	metrics.num.samples = 2
	ssl.protocol = TLS
	ssl.provider = null
	ssl.enabled.protocols = [TLSv1.2, TLSv1.1, TLSv1]
	batch.size = 16384
	ssl.keystore.location = null
	ssl.cipher.suites = null
	security.protocol = PLAINTEXT
	max.request.size = 1048576
	value.serializer = class org.apache.kafka.common.serialization.StringSerializer
	ssl.keymanager.algorithm = SunX509
	metrics.sample.window.ms = 30000
	partitioner.class = class org.apache.kafka.clients.producer.internals.DefaultPartitioner
	linger.ms = 0

2018-08-16 16:03:24.987  INFO 7774 --- [http-nio-9527-exec-7] o.a.k.clients.producer.ProducerConfig    : ProducerConfig values: 
	metric.reporters = []
	metadata.max.age.ms = 300000
	reconnect.backoff.ms = 50
	sasl.kerberos.ticket.renew.window.factor = 0.8
	bootstrap.servers = [192.168.31.69:9092]
	ssl.keystore.type = JKS
	sasl.mechanism = GSSAPI
	max.block.ms = 60000
	interceptor.classes = null
	ssl.truststore.password = null
	client.id = producer-1
	ssl.endpoint.identification.algorithm = null
	request.timeout.ms = 30000
	acks = 1
	receive.buffer.bytes = 32768
	ssl.truststore.type = JKS
	retries = 0
	ssl.truststore.location = null
	ssl.keystore.password = null
	send.buffer.bytes = 131072
	compression.type = none
	metadata.fetch.timeout.ms = 60000
	retry.backoff.ms = 100
	sasl.kerberos.kinit.cmd = /usr/bin/kinit
	buffer.memory = 33554432
	timeout.ms = 30000
	key.serializer = class org.apache.kafka.common.serialization.StringSerializer
	sasl.kerberos.service.name = null
	sasl.kerberos.ticket.renew.jitter = 0.05
	ssl.trustmanager.algorithm = PKIX
	block.on.buffer.full = false
	ssl.key.password = null
	sasl.kerberos.min.time.before.relogin = 60000
	connections.max.idle.ms = 540000
	max.in.flight.requests.per.connection = 5
	metrics.num.samples = 2
	ssl.protocol = TLS
	ssl.provider = null
	ssl.enabled.protocols = [TLSv1.2, TLSv1.1, TLSv1]
	batch.size = 16384
	ssl.keystore.location = null
	ssl.cipher.suites = null
	security.protocol = PLAINTEXT
	max.request.size = 1048576
	value.serializer = class org.apache.kafka.common.serialization.StringSerializer
	ssl.keymanager.algorithm = SunX509
	metrics.sample.window.ms = 30000
	partitioner.class = class org.apache.kafka.clients.producer.internals.DefaultPartitioner
	linger.ms = 0

2018-08-16 16:03:24.989  INFO 7774 --- [http-nio-9527-exec-7] o.a.kafka.common.utils.AppInfoParser     : Kafka version : 0.10.0.1
2018-08-16 16:03:24.989  INFO 7774 --- [http-nio-9527-exec-7] o.a.kafka.common.utils.AppInfoParser     : Kafka commitId : a7a17cdec9eaa6c5
2018-08-16 16:03:25.124  INFO 7774 --- [http-nio-9527-exec-7] c.s.m.service.impl.MerchantsServiceImpl  : DropPassTemplates: {"background":2,"desc":"laotizi123","end":1535270511907,"hasToken":false,"id":18,"limit":100002,"start":1533542511905,"summary":"laotizai","title":"laotizia"}
